<?xml version="1.0" encoding="UTF-8"?>
<!-- Generated by org.testng.reporters.JUnitXMLReporter -->
<testsuite hostname="CN-D-027" ignored="0" name="Add User Via G-Suite" tests="2" failures="1" timestamp="05 Dec 2017 09:05:37 GMT" time="116.702" errors="0">
  <testcase name="AK_41_AddnewuserViaGsuite" time="41.684" classname="com.app.akku.work.TestCases.AKKU_49_AdduserViaGSuite">
    <skipped/>
  </testcase> <!-- AK_41_AddnewuserViaGsuite -->
  <testcase name="AK_41_AddnewuserViaGsuite" time="46.156" classname="com.app.akku.work.TestCases.AKKU_49_AdduserViaGSuite">
    <failure type="java.lang.AssertionError" message="null">
      <![CDATA[java.lang.AssertionError: null
	at com.app.akku.work.TestCases.AKKU_49_AdduserViaGSuite.AK_41_AddnewuserViaGsuite(AKKU_49_AdduserViaGSuite.java:98)
... Removed 27 stack frames]]>
    </failure>
  </testcase> <!-- AK_41_AddnewuserViaGsuite -->
</testsuite> <!-- Add User Via G-Suite -->
