<html>
<head>
<title>TestNG:  Login and logout in Chrome</title>
<link href="../testng.css" rel="stylesheet" type="text/css" />
<link href="../my-testng.css" rel="stylesheet" type="text/css" />

<style type="text/css">
.log { display: none;} 
.stack-trace { display: none;} 
</style>
<script type="text/javascript">
<!--
function flip(e) {
  current = e.style.display;
  if (current == 'block') {
    e.style.display = 'none';
    return 0;
  }
  else {
    e.style.display = 'block';
    return 1;
  }
}

function toggleBox(szDivId, elem, msg1, msg2)
{
  var res = -1;  if (document.getElementById) {
    res = flip(document.getElementById(szDivId));
  }
  else if (document.all) {
    // this is the way old msie versions work
    res = flip(document.all[szDivId]);
  }
  if(elem) {
    if(res == 0) elem.innerHTML = msg1; else elem.innerHTML = msg2;
  }

}

function toggleAllBoxes() {
  if (document.getElementsByTagName) {
    d = document.getElementsByTagName('div');
    for (i = 0; i < d.length; i++) {
      if (d[i].className == 'log') {
        flip(d[i]);
      }
    }
  }
}

// -->
</script>

</head>
<body>
<h2 align='center'>Login and logout in Chrome</h2><table border='1' align="center">
<tr>
<td>Tests passed/Failed/Skipped:</td><td>4/1/1</td>
</tr><tr>
<td>Started on:</td><td>Thu Nov 30 10:17:10 IST 2017</td>
</tr>
<tr><td>Total time:</td><td>98 seconds (98925 ms)</td>
</tr><tr>
<td>Included groups:</td><td></td>
</tr><tr>
<td>Excluded groups:</td><td></td>
</tr>
</table><p/>
<small><i>(Hover the method name to see the test class name)</i></small><p/>
<table width='100%' border='1' class='invocation-failed'>
<tr><td colspan='4' align='center'><b>FAILED TESTS</b></td></tr>
<tr><td><b>Test method</b></td>
<td width="30%"><b>Exception</b></td>
<td width="10%"><b>Time (seconds)</b></td>
<td><b>Instance</b></td>
</tr>
<tr>
<td title='com.app.akku.work.TestCases.AKKU_01_LoginANDlogout.AK_04_LoginwithinvalidUsernameandinvalidPassword()'><b>AK_04_LoginwithinvalidUsernameandinvalidPassword</b><br>Test class: com.app.akku.work.TestCases.AKKU_01_LoginANDlogout<br>Parameters: invalidEmail@demo.cloudnowtech.com, password</td>
<td><div><pre>java.lang.AssertionError: null
	at com.app.akku.work.TestCases.AKKU_01_LoginANDlogout.AK_04_LoginwithinvalidUsernameandinvalidPassword(AKKU_01_LoginANDlogout.java:222)
... Removed 27 stack frames</pre></div><a href='#' onClick='toggleBox("stack-trace1251897263", this, "Click to show all stack frames", "Click to hide stack frames")'>Click to show all stack frames</a>
<div class='stack-trace' id='stack-trace1251897263'><pre>java.lang.AssertionError: null
	at org.testng.Assert.fail(Assert.java:93)
	at org.testng.Assert.fail(Assert.java:100)
	at com.app.akku.work.TestCases.AKKU_01_LoginANDlogout.AK_04_LoginwithinvalidUsernameandinvalidPassword(AKKU_01_LoginANDlogout.java:222)
	at sun.reflect.NativeMethodAccessorImpl.invoke0(Native Method)
	at sun.reflect.NativeMethodAccessorImpl.invoke(NativeMethodAccessorImpl.java:62)
	at sun.reflect.DelegatingMethodAccessorImpl.invoke(DelegatingMethodAccessorImpl.java:43)
	at java.lang.reflect.Method.invoke(Method.java:498)
	at org.testng.internal.MethodInvocationHelper.invokeMethod(MethodInvocationHelper.java:108)
	at org.testng.internal.Invoker.invokeMethod(Invoker.java:661)
	at org.testng.internal.Invoker.retryFailed(Invoker.java:1014)
	at org.testng.internal.Invoker.invokeTestMethods(Invoker.java:1215)
	at org.testng.internal.TestMethodWorker.invokeTestMethods(TestMethodWorker.java:126)
	at org.testng.internal.TestMethodWorker.run(TestMethodWorker.java:109)
	at org.testng.TestRunner.privateRun(TestRunner.java:744)
	at org.testng.TestRunner.run(TestRunner.java:602)
	at org.testng.SuiteRunner.runTest(SuiteRunner.java:380)
	at org.testng.SuiteRunner.runSequentially(SuiteRunner.java:375)
	at org.testng.SuiteRunner.privateRun(SuiteRunner.java:340)
	at org.testng.SuiteRunner.run(SuiteRunner.java:289)
	at org.testng.SuiteRunnerWorker.runSuite(SuiteRunnerWorker.java:52)
	at org.testng.SuiteRunnerWorker.run(SuiteRunnerWorker.java:86)
	at org.testng.TestNG.runSuitesSequentially(TestNG.java:1301)
	at org.testng.TestNG.runSuitesLocally(TestNG.java:1226)
	at org.testng.TestNG.runSuites(TestNG.java:1144)
	at org.testng.TestNG.run(TestNG.java:1115)
	at org.testng.remote.AbstractRemoteTestNG.run(AbstractRemoteTestNG.java:132)
	at org.testng.remote.RemoteTestNG.initAndRun(RemoteTestNG.java:230)
	at org.testng.remote.RemoteTestNG.main(RemoteTestNG.java:76)
</pre></div></td>
<td>10</td>
<td>com.app.akku.work.TestCases.AKKU_01_LoginANDlogout@4450d156</td></tr>
</table><p>
<table width='100%' border='1' class='invocation-passed'>
<tr><td colspan='4' align='center'><b>PASSED TESTS</b></td></tr>
<tr><td><b>Test method</b></td>
<td width="30%"><b>Exception</b></td>
<td width="10%"><b>Time (seconds)</b></td>
<td><b>Instance</b></td>
</tr>
<tr>
<td title='com.app.akku.work.TestCases.AKKU_01_LoginANDlogout.AK_01_ValidLogin()'><b>AK_01_ValidLogin</b><br>Test class: com.app.akku.work.TestCases.AKKU_01_LoginANDlogout<br>Parameters: qa@demo.cloudnowtech.com, password1</td>
<td></td>
<td>26</td>
<td>com.app.akku.work.TestCases.AKKU_01_LoginANDlogout@4450d156</td></tr>
<tr>
<td title='com.app.akku.work.TestCases.AKKU_01_LoginANDlogout.AK_02_LoginWithValidEmailAndInvalidPassword()'><b>AK_02_LoginWithValidEmailAndInvalidPassword</b><br>Test class: com.app.akku.work.TestCases.AKKU_01_LoginANDlogout<br>Parameters: qa@demo.cloudnowtech.com, password987</td>
<td></td>
<td>11</td>
<td>com.app.akku.work.TestCases.AKKU_01_LoginANDlogout@4450d156</td></tr>
<tr>
<td title='com.app.akku.work.TestCases.AKKU_01_LoginANDlogout.AK_03_LoginwithValidUserNameandEmptyPassword()'><b>AK_03_LoginwithValidUserNameandEmptyPassword</b><br>Test class: com.app.akku.work.TestCases.AKKU_01_LoginANDlogout<br>Parameters: qa@demo.cloudnowtech.com, password1</td>
<td></td>
<td>10</td>
<td>com.app.akku.work.TestCases.AKKU_01_LoginANDlogout@4450d156</td></tr>
<tr>
<td title='com.app.akku.work.TestCases.AKKU_01_LoginANDlogout.AK_05_LoginwithemptyUsernameandValidPassword()'><b>AK_05_LoginwithemptyUsernameandValidPassword</b><br>Test class: com.app.akku.work.TestCases.AKKU_01_LoginANDlogout<br>Parameters: qa@demo.cloudnowtech.com, password1</td>
<td></td>
<td>10</td>
<td>com.app.akku.work.TestCases.AKKU_01_LoginANDlogout@4450d156</td></tr>
</table><p>
<table width='100%' border='1' class='invocation-skipped'>
<tr><td colspan='4' align='center'><b>SKIPPED TESTS</b></td></tr>
<tr><td><b>Test method</b></td>
<td width="30%"><b>Exception</b></td>
<td width="10%"><b>Time (seconds)</b></td>
<td><b>Instance</b></td>
</tr>
<tr>
<td title='com.app.akku.work.TestCases.AKKU_01_LoginANDlogout.AK_04_LoginwithinvalidUsernameandinvalidPassword()'><b>AK_04_LoginwithinvalidUsernameandinvalidPassword</b><br>Test class: com.app.akku.work.TestCases.AKKU_01_LoginANDlogout<br>Parameters: invalidEmail@demo.cloudnowtech.com, password</td>
<td><div><pre>java.lang.AssertionError: null
	at com.app.akku.work.TestCases.AKKU_01_LoginANDlogout.AK_04_LoginwithinvalidUsernameandinvalidPassword(AKKU_01_LoginANDlogout.java:222)
... Removed 27 stack frames</pre></div><a href='#' onClick='toggleBox("stack-trace1617156106", this, "Click to show all stack frames", "Click to hide stack frames")'>Click to show all stack frames</a>
<div class='stack-trace' id='stack-trace1617156106'><pre>java.lang.AssertionError: null
	at org.testng.Assert.fail(Assert.java:93)
	at org.testng.Assert.fail(Assert.java:100)
	at com.app.akku.work.TestCases.AKKU_01_LoginANDlogout.AK_04_LoginwithinvalidUsernameandinvalidPassword(AKKU_01_LoginANDlogout.java:222)
	at sun.reflect.NativeMethodAccessorImpl.invoke0(Native Method)
	at sun.reflect.NativeMethodAccessorImpl.invoke(NativeMethodAccessorImpl.java:62)
	at sun.reflect.DelegatingMethodAccessorImpl.invoke(DelegatingMethodAccessorImpl.java:43)
	at java.lang.reflect.Method.invoke(Method.java:498)
	at org.testng.internal.MethodInvocationHelper.invokeMethod(MethodInvocationHelper.java:108)
	at org.testng.internal.Invoker.invokeMethod(Invoker.java:661)
	at org.testng.internal.Invoker.invokeTestMethod(Invoker.java:869)
	at org.testng.internal.Invoker.invokeTestMethods(Invoker.java:1193)
	at org.testng.internal.TestMethodWorker.invokeTestMethods(TestMethodWorker.java:126)
	at org.testng.internal.TestMethodWorker.run(TestMethodWorker.java:109)
	at org.testng.TestRunner.privateRun(TestRunner.java:744)
	at org.testng.TestRunner.run(TestRunner.java:602)
	at org.testng.SuiteRunner.runTest(SuiteRunner.java:380)
	at org.testng.SuiteRunner.runSequentially(SuiteRunner.java:375)
	at org.testng.SuiteRunner.privateRun(SuiteRunner.java:340)
	at org.testng.SuiteRunner.run(SuiteRunner.java:289)
	at org.testng.SuiteRunnerWorker.runSuite(SuiteRunnerWorker.java:52)
	at org.testng.SuiteRunnerWorker.run(SuiteRunnerWorker.java:86)
	at org.testng.TestNG.runSuitesSequentially(TestNG.java:1301)
	at org.testng.TestNG.runSuitesLocally(TestNG.java:1226)
	at org.testng.TestNG.runSuites(TestNG.java:1144)
	at org.testng.TestNG.run(TestNG.java:1115)
	at org.testng.remote.AbstractRemoteTestNG.run(AbstractRemoteTestNG.java:132)
	at org.testng.remote.RemoteTestNG.initAndRun(RemoteTestNG.java:230)
	at org.testng.remote.RemoteTestNG.main(RemoteTestNG.java:76)
</pre></div></td>
<td>14</td>
<td>com.app.akku.work.TestCases.AKKU_01_LoginANDlogout@4450d156</td></tr>
</table><p>
</body>
</html>