<?xml version="1.0" encoding="UTF-8"?>
<!-- Generated by org.testng.reporters.JUnitXMLReporter -->
<testsuite hostname="CN-D-027" ignored="0" name="Login and logout in Chrome" tests="10" failures="5" timestamp="29 Nov 2017 12:14:07 GMT" time="141.592" errors="0">
  <testcase name="AK_01_ValidLogin" time="23.34" classname="com.app.akku.work.TestCases.AKKU_01_LoginANDlogout">
    <skipped/>
  </testcase> <!-- AK_01_ValidLogin -->
  <testcase name="AK_01_ValidLogin" time="22.569" classname="com.app.akku.work.TestCases.AKKU_01_LoginANDlogout">
    <failure type="testlink.api.java.client.TestLinkAPIException" message="The required parameter status was not provided by the caller.">
      <![CDATA[testlink.api.java.client.TestLinkAPIException: The required parameter status was not provided by the caller.
	at testlink.api.java.client.TestLinkAPIClient.setParam(TestLinkAPIClient.java:1310)
	at testlink.api.java.client.TestLinkAPIClient.reportTestCaseResult(TestLinkAPIClient.java:281)
	at testlink.api.java.client.TestLinkAPIClient.reportTestCaseResult(TestLinkAPIClient.java:246)
	at testlink.api.java.client.TestLinkAPIClient.reportTestCaseResult(TestLinkAPIClient.java:217)
	at com.app.akku.work.common.TestLinkIntegration.reportResult(TestLinkIntegration.java:16)
	at com.app.akku.work.TestCases.AKKU_01_LoginANDlogout.AK_01_ValidLogin(AKKU_01_LoginANDlogout.java:96)
... Removed 25 stack frames]]>
    </failure>
  </testcase> <!-- AK_01_ValidLogin -->
  <testcase name="AK_02_LoginWithValidEmailAndInvalidPassword" time="10.779" classname="com.app.akku.work.TestCases.AKKU_01_LoginANDlogout">
    <skipped/>
  </testcase> <!-- AK_02_LoginWithValidEmailAndInvalidPassword -->
  <testcase name="AK_02_LoginWithValidEmailAndInvalidPassword" time="10.608" classname="com.app.akku.work.TestCases.AKKU_01_LoginANDlogout">
    <failure type="java.lang.AssertionError" message="null">
      <![CDATA[java.lang.AssertionError: null
	at com.app.akku.work.TestCases.AKKU_01_LoginANDlogout.AK_02_LoginWithValidEmailAndInvalidPassword(AKKU_01_LoginANDlogout.java:136)
... Removed 27 stack frames]]>
    </failure>
  </testcase> <!-- AK_02_LoginWithValidEmailAndInvalidPassword -->
  <testcase name="AK_03_LoginwithValidUserNameandEmptyPassword" time="9.069" classname="com.app.akku.work.TestCases.AKKU_01_LoginANDlogout">
    <skipped/>
  </testcase> <!-- AK_03_LoginwithValidUserNameandEmptyPassword -->
  <testcase name="AK_03_LoginwithValidUserNameandEmptyPassword" time="8.904" classname="com.app.akku.work.TestCases.AKKU_01_LoginANDlogout">
    <failure type="java.lang.AssertionError" message="expected [com.aventstack.extentreports.ExtentTest@7555b920] but found []">
      <![CDATA[java.lang.AssertionError: expected [com.aventstack.extentreports.ExtentTest@7555b920] but found []
	at com.app.akku.work.pageobjects.LoginPage.Loginpage.inputpassworderrormsgvalidation(Loginpage.java:41)
	at com.app.akku.work.TestCases.AKKU_01_LoginANDlogout.AK_03_LoginwithValidUserNameandEmptyPassword(AKKU_01_LoginANDlogout.java:160)
... Removed 30 stack frames]]>
    </failure>
  </testcase> <!-- AK_03_LoginwithValidUserNameandEmptyPassword -->
  <testcase name="AK_04_LoginwithinvalidUsernameandinvalidPassword" time="11.574" classname="com.app.akku.work.TestCases.AKKU_01_LoginANDlogout">
    <skipped/>
  </testcase> <!-- AK_04_LoginwithinvalidUsernameandinvalidPassword -->
  <testcase name="AK_04_LoginwithinvalidUsernameandinvalidPassword" time="10.997" classname="com.app.akku.work.TestCases.AKKU_01_LoginANDlogout">
    <failure type="java.lang.AssertionError" message="expected [Invalid Username Or Password] but found [Invalid E-Mail Address]">
      <![CDATA[java.lang.AssertionError: expected [Invalid Username Or Password] but found [Invalid E-Mail Address]
	at com.app.akku.work.pageobjects.LoginPage.Loginpage.EmailANDPwdErrorValidation(Loginpage.java:66)
	at com.app.akku.work.TestCases.AKKU_01_LoginANDlogout.AK_04_LoginwithinvalidUsernameandinvalidPassword(AKKU_01_LoginANDlogout.java:194)
... Removed 31 stack frames]]>
    </failure>
  </testcase> <!-- AK_04_LoginwithinvalidUsernameandinvalidPassword -->
  <testcase name="AK_05_LoginwithemptyUsernameandValidPassword" time="10.843" classname="com.app.akku.work.TestCases.AKKU_01_LoginANDlogout">
    <skipped/>
  </testcase> <!-- AK_05_LoginwithemptyUsernameandValidPassword -->
  <testcase name="AK_05_LoginwithemptyUsernameandValidPassword" time="10.659" classname="com.app.akku.work.TestCases.AKKU_01_LoginANDlogout">
    <failure type="java.lang.AssertionError" message="expected [com.aventstack.extentreports.ExtentTest@4b629f13] but found [A part following &amp;apos;@&amp;apos; should not contain the symbol &amp;apos;@&amp;apos;.]">
      <![CDATA[java.lang.AssertionError: expected [com.aventstack.extentreports.ExtentTest@4b629f13] but found [A part following '@' should not contain the symbol '@'.]
	at com.app.akku.work.pageobjects.LoginPage.Loginpage.inputemailerrormsgvalidation(Loginpage.java:50)
	at com.app.akku.work.TestCases.AKKU_01_LoginANDlogout.AK_05_LoginwithemptyUsernameandValidPassword(AKKU_01_LoginANDlogout.java:226)
... Removed 30 stack frames]]>
    </failure>
  </testcase> <!-- AK_05_LoginwithemptyUsernameandValidPassword -->
</testsuite> <!-- Login and logout in Chrome -->
