<html>
<head>
<title>TestNG:  OU Management</title>
<link href="../testng.css" rel="stylesheet" type="text/css" />
<link href="../my-testng.css" rel="stylesheet" type="text/css" />

<style type="text/css">
.log { display: none;} 
.stack-trace { display: none;} 
</style>
<script type="text/javascript">
<!--
function flip(e) {
  current = e.style.display;
  if (current == 'block') {
    e.style.display = 'none';
    return 0;
  }
  else {
    e.style.display = 'block';
    return 1;
  }
}

function toggleBox(szDivId, elem, msg1, msg2)
{
  var res = -1;  if (document.getElementById) {
    res = flip(document.getElementById(szDivId));
  }
  else if (document.all) {
    // this is the way old msie versions work
    res = flip(document.all[szDivId]);
  }
  if(elem) {
    if(res == 0) elem.innerHTML = msg1; else elem.innerHTML = msg2;
  }

}

function toggleAllBoxes() {
  if (document.getElementsByTagName) {
    d = document.getElementsByTagName('div');
    for (i = 0; i < d.length; i++) {
      if (d[i].className == 'log') {
        flip(d[i]);
      }
    }
  }
}

// -->
</script>

</head>
<body>
<h2 align='center'>OU Management</h2><table border='1' align="center">
<tr>
<td>Tests passed/Failed/Skipped:</td><td>3/5/6</td>
</tr><tr>
<td>Started on:</td><td>Tue Dec 05 14:24:06 IST 2017</td>
</tr>
<tr><td>Total time:</td><td>573 seconds (573185 ms)</td>
</tr><tr>
<td>Included groups:</td><td></td>
</tr><tr>
<td>Excluded groups:</td><td></td>
</tr>
</table><p/>
<small><i>(Hover the method name to see the test class name)</i></small><p/>
<table width='100%' border='1' class='invocation-failed'>
<tr><td colspan='4' align='center'><b>FAILED TESTS</b></td></tr>
<tr><td><b>Test method</b></td>
<td width="30%"><b>Exception</b></td>
<td width="10%"><b>Time (seconds)</b></td>
<td><b>Instance</b></td>
</tr>
<tr>
<td title='com.app.akku.work.TestCases.AK_52_Create_Edit_Delete_Assign_OU.AK_55_AddDuplicateOUundersameParentOU()'><b>AK_55_AddDuplicateOUundersameParentOU</b><br>Test class: com.app.akku.work.TestCases.AK_52_Create_Edit_Delete_Assign_OU<br>Parameters: qa@demo.cloudnowtech.com, password1, ChildOU, DemoFN</td>
<td><div><pre>java.lang.AssertionError: null
	at com.app.akku.work.TestCases.AK_52_Create_Edit_Delete_Assign_OU.AK_55_AddDuplicateOUundersameParentOU(AK_52_Create_Edit_Delete_Assign_OU.java:234)
... Removed 27 stack frames</pre></div><a href='#' onClick='toggleBox("stack-trace159651486", this, "Click to show all stack frames", "Click to hide stack frames")'>Click to show all stack frames</a>
<div class='stack-trace' id='stack-trace159651486'><pre>java.lang.AssertionError: null
	at org.testng.Assert.fail(Assert.java:93)
	at org.testng.Assert.fail(Assert.java:100)
	at com.app.akku.work.TestCases.AK_52_Create_Edit_Delete_Assign_OU.AK_55_AddDuplicateOUundersameParentOU(AK_52_Create_Edit_Delete_Assign_OU.java:234)
	at sun.reflect.NativeMethodAccessorImpl.invoke0(Native Method)
	at sun.reflect.NativeMethodAccessorImpl.invoke(NativeMethodAccessorImpl.java:62)
	at sun.reflect.DelegatingMethodAccessorImpl.invoke(DelegatingMethodAccessorImpl.java:43)
	at java.lang.reflect.Method.invoke(Method.java:498)
	at org.testng.internal.MethodInvocationHelper.invokeMethod(MethodInvocationHelper.java:108)
	at org.testng.internal.Invoker.invokeMethod(Invoker.java:661)
	at org.testng.internal.Invoker.retryFailed(Invoker.java:1014)
	at org.testng.internal.Invoker.invokeTestMethods(Invoker.java:1215)
	at org.testng.internal.TestMethodWorker.invokeTestMethods(TestMethodWorker.java:126)
	at org.testng.internal.TestMethodWorker.run(TestMethodWorker.java:109)
	at org.testng.TestRunner.privateRun(TestRunner.java:744)
	at org.testng.TestRunner.run(TestRunner.java:602)
	at org.testng.SuiteRunner.runTest(SuiteRunner.java:380)
	at org.testng.SuiteRunner.runSequentially(SuiteRunner.java:375)
	at org.testng.SuiteRunner.privateRun(SuiteRunner.java:340)
	at org.testng.SuiteRunner.run(SuiteRunner.java:289)
	at org.testng.SuiteRunnerWorker.runSuite(SuiteRunnerWorker.java:52)
	at org.testng.SuiteRunnerWorker.run(SuiteRunnerWorker.java:86)
	at org.testng.TestNG.runSuitesSequentially(TestNG.java:1301)
	at org.testng.TestNG.runSuitesLocally(TestNG.java:1226)
	at org.testng.TestNG.runSuites(TestNG.java:1144)
	at org.testng.TestNG.run(TestNG.java:1115)
	at org.testng.remote.AbstractRemoteTestNG.run(AbstractRemoteTestNG.java:132)
	at org.testng.remote.RemoteTestNG.initAndRun(RemoteTestNG.java:230)
	at org.testng.remote.RemoteTestNG.main(RemoteTestNG.java:76)
</pre></div></td>
<td>46</td>
<td>com.app.akku.work.TestCases.AK_52_Create_Edit_Delete_Assign_OU@3ec300f1</td></tr>
<tr>
<td title='com.app.akku.work.TestCases.AK_52_Create_Edit_Delete_Assign_OU.AK_56_AddDuplicateOUunderdifferentParentOU()'><b>AK_56_AddDuplicateOUunderdifferentParentOU</b><br>Test class: com.app.akku.work.TestCases.AK_52_Create_Edit_Delete_Assign_OU<br>Parameters: qa@demo.cloudnowtech.com, password1, ChildOU, Google</td>
<td><div><pre>java.lang.AssertionError: null
	at com.app.akku.work.TestCases.AK_52_Create_Edit_Delete_Assign_OU.AK_56_AddDuplicateOUunderdifferentParentOU(AK_52_Create_Edit_Delete_Assign_OU.java:292)
... Removed 27 stack frames</pre></div><a href='#' onClick='toggleBox("stack-trace1413491716", this, "Click to show all stack frames", "Click to hide stack frames")'>Click to show all stack frames</a>
<div class='stack-trace' id='stack-trace1413491716'><pre>java.lang.AssertionError: null
	at org.testng.Assert.fail(Assert.java:93)
	at org.testng.Assert.fail(Assert.java:100)
	at com.app.akku.work.TestCases.AK_52_Create_Edit_Delete_Assign_OU.AK_56_AddDuplicateOUunderdifferentParentOU(AK_52_Create_Edit_Delete_Assign_OU.java:292)
	at sun.reflect.NativeMethodAccessorImpl.invoke0(Native Method)
	at sun.reflect.NativeMethodAccessorImpl.invoke(NativeMethodAccessorImpl.java:62)
	at sun.reflect.DelegatingMethodAccessorImpl.invoke(DelegatingMethodAccessorImpl.java:43)
	at java.lang.reflect.Method.invoke(Method.java:498)
	at org.testng.internal.MethodInvocationHelper.invokeMethod(MethodInvocationHelper.java:108)
	at org.testng.internal.Invoker.invokeMethod(Invoker.java:661)
	at org.testng.internal.Invoker.retryFailed(Invoker.java:1014)
	at org.testng.internal.Invoker.invokeTestMethods(Invoker.java:1215)
	at org.testng.internal.TestMethodWorker.invokeTestMethods(TestMethodWorker.java:126)
	at org.testng.internal.TestMethodWorker.run(TestMethodWorker.java:109)
	at org.testng.TestRunner.privateRun(TestRunner.java:744)
	at org.testng.TestRunner.run(TestRunner.java:602)
	at org.testng.SuiteRunner.runTest(SuiteRunner.java:380)
	at org.testng.SuiteRunner.runSequentially(SuiteRunner.java:375)
	at org.testng.SuiteRunner.privateRun(SuiteRunner.java:340)
	at org.testng.SuiteRunner.run(SuiteRunner.java:289)
	at org.testng.SuiteRunnerWorker.runSuite(SuiteRunnerWorker.java:52)
	at org.testng.SuiteRunnerWorker.run(SuiteRunnerWorker.java:86)
	at org.testng.TestNG.runSuitesSequentially(TestNG.java:1301)
	at org.testng.TestNG.runSuitesLocally(TestNG.java:1226)
	at org.testng.TestNG.runSuites(TestNG.java:1144)
	at org.testng.TestNG.run(TestNG.java:1115)
	at org.testng.remote.AbstractRemoteTestNG.run(AbstractRemoteTestNG.java:132)
	at org.testng.remote.RemoteTestNG.initAndRun(RemoteTestNG.java:230)
	at org.testng.remote.RemoteTestNG.main(RemoteTestNG.java:76)
</pre></div></td>
<td>15</td>
<td>com.app.akku.work.TestCases.AK_52_Create_Edit_Delete_Assign_OU@3ec300f1</td></tr>
<tr>
<td title='com.app.akku.work.TestCases.AK_52_Create_Edit_Delete_Assign_OU.AK_59_AssignUsers()'><b>AK_59_AssignUsers</b><br>Test class: com.app.akku.work.TestCases.AK_52_Create_Edit_Delete_Assign_OU<br>Parameters: qa@demo.cloudnowtech.com, password1, DemoFN, @#$#</td>
<td><div><pre>java.lang.AssertionError: null
	at com.app.akku.work.TestCases.AK_52_Create_Edit_Delete_Assign_OU.AK_59_AssignUsers(AK_52_Create_Edit_Delete_Assign_OU.java:521)
... Removed 27 stack frames</pre></div><a href='#' onClick='toggleBox("stack-trace704277349", this, "Click to show all stack frames", "Click to hide stack frames")'>Click to show all stack frames</a>
<div class='stack-trace' id='stack-trace704277349'><pre>java.lang.AssertionError: null
	at org.testng.Assert.fail(Assert.java:93)
	at org.testng.Assert.fail(Assert.java:100)
	at com.app.akku.work.TestCases.AK_52_Create_Edit_Delete_Assign_OU.AK_59_AssignUsers(AK_52_Create_Edit_Delete_Assign_OU.java:521)
	at sun.reflect.NativeMethodAccessorImpl.invoke0(Native Method)
	at sun.reflect.NativeMethodAccessorImpl.invoke(NativeMethodAccessorImpl.java:62)
	at sun.reflect.DelegatingMethodAccessorImpl.invoke(DelegatingMethodAccessorImpl.java:43)
	at java.lang.reflect.Method.invoke(Method.java:498)
	at org.testng.internal.MethodInvocationHelper.invokeMethod(MethodInvocationHelper.java:108)
	at org.testng.internal.Invoker.invokeMethod(Invoker.java:661)
	at org.testng.internal.Invoker.retryFailed(Invoker.java:1014)
	at org.testng.internal.Invoker.invokeTestMethods(Invoker.java:1215)
	at org.testng.internal.TestMethodWorker.invokeTestMethods(TestMethodWorker.java:126)
	at org.testng.internal.TestMethodWorker.run(TestMethodWorker.java:109)
	at org.testng.TestRunner.privateRun(TestRunner.java:744)
	at org.testng.TestRunner.run(TestRunner.java:602)
	at org.testng.SuiteRunner.runTest(SuiteRunner.java:380)
	at org.testng.SuiteRunner.runSequentially(SuiteRunner.java:375)
	at org.testng.SuiteRunner.privateRun(SuiteRunner.java:340)
	at org.testng.SuiteRunner.run(SuiteRunner.java:289)
	at org.testng.SuiteRunnerWorker.runSuite(SuiteRunnerWorker.java:52)
	at org.testng.SuiteRunnerWorker.run(SuiteRunnerWorker.java:86)
	at org.testng.TestNG.runSuitesSequentially(TestNG.java:1301)
	at org.testng.TestNG.runSuitesLocally(TestNG.java:1226)
	at org.testng.TestNG.runSuites(TestNG.java:1144)
	at org.testng.TestNG.run(TestNG.java:1115)
	at org.testng.remote.AbstractRemoteTestNG.run(AbstractRemoteTestNG.java:132)
	at org.testng.remote.RemoteTestNG.initAndRun(RemoteTestNG.java:230)
	at org.testng.remote.RemoteTestNG.main(RemoteTestNG.java:76)
</pre></div></td>
<td>36</td>
<td>com.app.akku.work.TestCases.AK_52_Create_Edit_Delete_Assign_OU@3ec300f1</td></tr>
<tr>
<td title='com.app.akku.work.TestCases.AK_52_Create_Edit_Delete_Assign_OU.AK_60_DeleteParentOUwhichhaveSubOUinOUManagementpage()'><b>AK_60_DeleteParentOUwhichhaveSubOUinOUManagementpage</b><br>Test class: com.app.akku.work.TestCases.AK_52_Create_Edit_Delete_Assign_OU<br>Parameters: qa@demo.cloudnowtech.com, password1, ChildOU, DemoFN</td>
<td><div><pre>java.lang.AssertionError: null
	at com.app.akku.work.TestCases.AK_52_Create_Edit_Delete_Assign_OU.AK_60_DeleteParentOUwhichhaveSubOUinOUManagementpage(AK_52_Create_Edit_Delete_Assign_OU.java:628)
... Removed 27 stack frames</pre></div><a href='#' onClick='toggleBox("stack-trace856432481", this, "Click to show all stack frames", "Click to hide stack frames")'>Click to show all stack frames</a>
<div class='stack-trace' id='stack-trace856432481'><pre>java.lang.AssertionError: null
	at org.testng.Assert.fail(Assert.java:93)
	at org.testng.Assert.fail(Assert.java:100)
	at com.app.akku.work.TestCases.AK_52_Create_Edit_Delete_Assign_OU.AK_60_DeleteParentOUwhichhaveSubOUinOUManagementpage(AK_52_Create_Edit_Delete_Assign_OU.java:628)
	at sun.reflect.NativeMethodAccessorImpl.invoke0(Native Method)
	at sun.reflect.NativeMethodAccessorImpl.invoke(NativeMethodAccessorImpl.java:62)
	at sun.reflect.DelegatingMethodAccessorImpl.invoke(DelegatingMethodAccessorImpl.java:43)
	at java.lang.reflect.Method.invoke(Method.java:498)
	at org.testng.internal.MethodInvocationHelper.invokeMethod(MethodInvocationHelper.java:108)
	at org.testng.internal.Invoker.invokeMethod(Invoker.java:661)
	at org.testng.internal.Invoker.retryFailed(Invoker.java:1014)
	at org.testng.internal.Invoker.invokeTestMethods(Invoker.java:1215)
	at org.testng.internal.TestMethodWorker.invokeTestMethods(TestMethodWorker.java:126)
	at org.testng.internal.TestMethodWorker.run(TestMethodWorker.java:109)
	at org.testng.TestRunner.privateRun(TestRunner.java:744)
	at org.testng.TestRunner.run(TestRunner.java:602)
	at org.testng.SuiteRunner.runTest(SuiteRunner.java:380)
	at org.testng.SuiteRunner.runSequentially(SuiteRunner.java:375)
	at org.testng.SuiteRunner.privateRun(SuiteRunner.java:340)
	at org.testng.SuiteRunner.run(SuiteRunner.java:289)
	at org.testng.SuiteRunnerWorker.runSuite(SuiteRunnerWorker.java:52)
	at org.testng.SuiteRunnerWorker.run(SuiteRunnerWorker.java:86)
	at org.testng.TestNG.runSuitesSequentially(TestNG.java:1301)
	at org.testng.TestNG.runSuitesLocally(TestNG.java:1226)
	at org.testng.TestNG.runSuites(TestNG.java:1144)
	at org.testng.TestNG.run(TestNG.java:1115)
	at org.testng.remote.AbstractRemoteTestNG.run(AbstractRemoteTestNG.java:132)
	at org.testng.remote.RemoteTestNG.initAndRun(RemoteTestNG.java:230)
	at org.testng.remote.RemoteTestNG.main(RemoteTestNG.java:76)
</pre></div></td>
<td>12</td>
<td>com.app.akku.work.TestCases.AK_52_Create_Edit_Delete_Assign_OU@3ec300f1</td></tr>
<tr>
<td title='com.app.akku.work.TestCases.AK_52_Create_Edit_Delete_Assign_OU.AK_61_DeleteOUwhichhaveuserinOUManagementpage()'><b>AK_61_DeleteOUwhichhaveuserinOUManagementpage</b><br>Test class: com.app.akku.work.TestCases.AK_52_Create_Edit_Delete_Assign_OU<br>Parameters: qa@demo.cloudnowtech.com, password1, ChildOU, DemoFN</td>
<td><div><pre>java.lang.AssertionError: null
	at com.app.akku.work.TestCases.AK_52_Create_Edit_Delete_Assign_OU.AK_61_DeleteOUwhichhaveuserinOUManagementpage(AK_52_Create_Edit_Delete_Assign_OU.java:682)
... Removed 27 stack frames</pre></div><a href='#' onClick='toggleBox("stack-trace1939282277", this, "Click to show all stack frames", "Click to hide stack frames")'>Click to show all stack frames</a>
<div class='stack-trace' id='stack-trace1939282277'><pre>java.lang.AssertionError: null
	at org.testng.Assert.fail(Assert.java:93)
	at org.testng.Assert.fail(Assert.java:100)
	at com.app.akku.work.TestCases.AK_52_Create_Edit_Delete_Assign_OU.AK_61_DeleteOUwhichhaveuserinOUManagementpage(AK_52_Create_Edit_Delete_Assign_OU.java:682)
	at sun.reflect.NativeMethodAccessorImpl.invoke0(Native Method)
	at sun.reflect.NativeMethodAccessorImpl.invoke(NativeMethodAccessorImpl.java:62)
	at sun.reflect.DelegatingMethodAccessorImpl.invoke(DelegatingMethodAccessorImpl.java:43)
	at java.lang.reflect.Method.invoke(Method.java:498)
	at org.testng.internal.MethodInvocationHelper.invokeMethod(MethodInvocationHelper.java:108)
	at org.testng.internal.Invoker.invokeMethod(Invoker.java:661)
	at org.testng.internal.Invoker.retryFailed(Invoker.java:1014)
	at org.testng.internal.Invoker.invokeTestMethods(Invoker.java:1215)
	at org.testng.internal.TestMethodWorker.invokeTestMethods(TestMethodWorker.java:126)
	at org.testng.internal.TestMethodWorker.run(TestMethodWorker.java:109)
	at org.testng.TestRunner.privateRun(TestRunner.java:744)
	at org.testng.TestRunner.run(TestRunner.java:602)
	at org.testng.SuiteRunner.runTest(SuiteRunner.java:380)
	at org.testng.SuiteRunner.runSequentially(SuiteRunner.java:375)
	at org.testng.SuiteRunner.privateRun(SuiteRunner.java:340)
	at org.testng.SuiteRunner.run(SuiteRunner.java:289)
	at org.testng.SuiteRunnerWorker.runSuite(SuiteRunnerWorker.java:52)
	at org.testng.SuiteRunnerWorker.run(SuiteRunnerWorker.java:86)
	at org.testng.TestNG.runSuitesSequentially(TestNG.java:1301)
	at org.testng.TestNG.runSuitesLocally(TestNG.java:1226)
	at org.testng.TestNG.runSuites(TestNG.java:1144)
	at org.testng.TestNG.run(TestNG.java:1115)
	at org.testng.remote.AbstractRemoteTestNG.run(AbstractRemoteTestNG.java:132)
	at org.testng.remote.RemoteTestNG.initAndRun(RemoteTestNG.java:230)
	at org.testng.remote.RemoteTestNG.main(RemoteTestNG.java:76)
</pre></div></td>
<td>40</td>
<td>com.app.akku.work.TestCases.AK_52_Create_Edit_Delete_Assign_OU@3ec300f1</td></tr>
</table><p>
<table width='100%' border='1' class='invocation-passed'>
<tr><td colspan='4' align='center'><b>PASSED TESTS</b></td></tr>
<tr><td><b>Test method</b></td>
<td width="30%"><b>Exception</b></td>
<td width="10%"><b>Time (seconds)</b></td>
<td><b>Instance</b></td>
</tr>
<tr>
<td title='com.app.akku.work.TestCases.AK_52_Create_Edit_Delete_Assign_OU.AK_52_AddValidNewOUwithParentCNT()'><b>AK_52_AddValidNewOUwithParentCNT</b><br>Test class: com.app.akku.work.TestCases.AK_52_Create_Edit_Delete_Assign_OU<br>Parameters: qa@demo.cloudnowtech.com, password1, DemoFN, CNT</td>
<td></td>
<td>21</td>
<td>com.app.akku.work.TestCases.AK_52_Create_Edit_Delete_Assign_OU@3ec300f1</td></tr>
<tr>
<td title='com.app.akku.work.TestCases.AK_52_Create_Edit_Delete_Assign_OU.AK_54_AddValidNewOUwithanyChildOU()'><b>AK_54_AddValidNewOUwithanyChildOU</b><br>Test class: com.app.akku.work.TestCases.AK_52_Create_Edit_Delete_Assign_OU<br>Parameters: qa@demo.cloudnowtech.com, password1, ChildOU, DemoFN</td>
<td></td>
<td>23</td>
<td>com.app.akku.work.TestCases.AK_52_Create_Edit_Delete_Assign_OU@3ec300f1</td></tr>
<tr>
<td title='com.app.akku.work.TestCases.AK_52_Create_Edit_Delete_Assign_OU.DeleteCreatedOufromPage()'><b>DeleteCreatedOufromPage</b><br>Test class: com.app.akku.work.TestCases.AK_52_Create_Edit_Delete_Assign_OU<br>Parameters: qa@demo.cloudnowtech.com, password1, ChildOU, DemoFN</td>
<td></td>
<td>21</td>
<td>com.app.akku.work.TestCases.AK_52_Create_Edit_Delete_Assign_OU@3ec300f1</td></tr>
</table><p>
<table width='100%' border='1' class='invocation-skipped'>
<tr><td colspan='4' align='center'><b>SKIPPED TESTS</b></td></tr>
<tr><td><b>Test method</b></td>
<td width="30%"><b>Exception</b></td>
<td width="10%"><b>Time (seconds)</b></td>
<td><b>Instance</b></td>
</tr>
<tr>
<td title='com.app.akku.work.TestCases.AK_52_Create_Edit_Delete_Assign_OU.AK_54_AddValidNewOUwithanyChildOU()'><b>AK_54_AddValidNewOUwithanyChildOU</b><br>Test class: com.app.akku.work.TestCases.AK_52_Create_Edit_Delete_Assign_OU<br>Parameters: qa@demo.cloudnowtech.com, password1, ChildOU, DemoFN</td>
<td><div><pre>java.lang.AssertionError: null
	at com.app.akku.work.TestCases.AK_52_Create_Edit_Delete_Assign_OU.AK_54_AddValidNewOUwithanyChildOU(AK_52_Create_Edit_Delete_Assign_OU.java:185)
... Removed 27 stack frames</pre></div><a href='#' onClick='toggleBox("stack-trace1453650546", this, "Click to show all stack frames", "Click to hide stack frames")'>Click to show all stack frames</a>
<div class='stack-trace' id='stack-trace1453650546'><pre>java.lang.AssertionError: null
	at org.testng.Assert.fail(Assert.java:93)
	at org.testng.Assert.fail(Assert.java:100)
	at com.app.akku.work.TestCases.AK_52_Create_Edit_Delete_Assign_OU.AK_54_AddValidNewOUwithanyChildOU(AK_52_Create_Edit_Delete_Assign_OU.java:185)
	at sun.reflect.NativeMethodAccessorImpl.invoke0(Native Method)
	at sun.reflect.NativeMethodAccessorImpl.invoke(NativeMethodAccessorImpl.java:62)
	at sun.reflect.DelegatingMethodAccessorImpl.invoke(DelegatingMethodAccessorImpl.java:43)
	at java.lang.reflect.Method.invoke(Method.java:498)
	at org.testng.internal.MethodInvocationHelper.invokeMethod(MethodInvocationHelper.java:108)
	at org.testng.internal.Invoker.invokeMethod(Invoker.java:661)
	at org.testng.internal.Invoker.invokeTestMethod(Invoker.java:869)
	at org.testng.internal.Invoker.invokeTestMethods(Invoker.java:1193)
	at org.testng.internal.TestMethodWorker.invokeTestMethods(TestMethodWorker.java:126)
	at org.testng.internal.TestMethodWorker.run(TestMethodWorker.java:109)
	at org.testng.TestRunner.privateRun(TestRunner.java:744)
	at org.testng.TestRunner.run(TestRunner.java:602)
	at org.testng.SuiteRunner.runTest(SuiteRunner.java:380)
	at org.testng.SuiteRunner.runSequentially(SuiteRunner.java:375)
	at org.testng.SuiteRunner.privateRun(SuiteRunner.java:340)
	at org.testng.SuiteRunner.run(SuiteRunner.java:289)
	at org.testng.SuiteRunnerWorker.runSuite(SuiteRunnerWorker.java:52)
	at org.testng.SuiteRunnerWorker.run(SuiteRunnerWorker.java:86)
	at org.testng.TestNG.runSuitesSequentially(TestNG.java:1301)
	at org.testng.TestNG.runSuitesLocally(TestNG.java:1226)
	at org.testng.TestNG.runSuites(TestNG.java:1144)
	at org.testng.TestNG.run(TestNG.java:1115)
	at org.testng.remote.AbstractRemoteTestNG.run(AbstractRemoteTestNG.java:132)
	at org.testng.remote.RemoteTestNG.initAndRun(RemoteTestNG.java:230)
	at org.testng.remote.RemoteTestNG.main(RemoteTestNG.java:76)
</pre></div></td>
<td>56</td>
<td>com.app.akku.work.TestCases.AK_52_Create_Edit_Delete_Assign_OU@3ec300f1</td></tr>
<tr>
<td title='com.app.akku.work.TestCases.AK_52_Create_Edit_Delete_Assign_OU.AK_55_AddDuplicateOUundersameParentOU()'><b>AK_55_AddDuplicateOUundersameParentOU</b><br>Test class: com.app.akku.work.TestCases.AK_52_Create_Edit_Delete_Assign_OU<br>Parameters: qa@demo.cloudnowtech.com, password1, ChildOU, DemoFN</td>
<td><div><pre>java.lang.AssertionError: null
	at com.app.akku.work.TestCases.AK_52_Create_Edit_Delete_Assign_OU.AK_55_AddDuplicateOUundersameParentOU(AK_52_Create_Edit_Delete_Assign_OU.java:234)
... Removed 27 stack frames</pre></div><a href='#' onClick='toggleBox("stack-trace1111173986", this, "Click to show all stack frames", "Click to hide stack frames")'>Click to show all stack frames</a>
<div class='stack-trace' id='stack-trace1111173986'><pre>java.lang.AssertionError: null
	at org.testng.Assert.fail(Assert.java:93)
	at org.testng.Assert.fail(Assert.java:100)
	at com.app.akku.work.TestCases.AK_52_Create_Edit_Delete_Assign_OU.AK_55_AddDuplicateOUundersameParentOU(AK_52_Create_Edit_Delete_Assign_OU.java:234)
	at sun.reflect.NativeMethodAccessorImpl.invoke0(Native Method)
	at sun.reflect.NativeMethodAccessorImpl.invoke(NativeMethodAccessorImpl.java:62)
	at sun.reflect.DelegatingMethodAccessorImpl.invoke(DelegatingMethodAccessorImpl.java:43)
	at java.lang.reflect.Method.invoke(Method.java:498)
	at org.testng.internal.MethodInvocationHelper.invokeMethod(MethodInvocationHelper.java:108)
	at org.testng.internal.Invoker.invokeMethod(Invoker.java:661)
	at org.testng.internal.Invoker.invokeTestMethod(Invoker.java:869)
	at org.testng.internal.Invoker.invokeTestMethods(Invoker.java:1193)
	at org.testng.internal.TestMethodWorker.invokeTestMethods(TestMethodWorker.java:126)
	at org.testng.internal.TestMethodWorker.run(TestMethodWorker.java:109)
	at org.testng.TestRunner.privateRun(TestRunner.java:744)
	at org.testng.TestRunner.run(TestRunner.java:602)
	at org.testng.SuiteRunner.runTest(SuiteRunner.java:380)
	at org.testng.SuiteRunner.runSequentially(SuiteRunner.java:375)
	at org.testng.SuiteRunner.privateRun(SuiteRunner.java:340)
	at org.testng.SuiteRunner.run(SuiteRunner.java:289)
	at org.testng.SuiteRunnerWorker.runSuite(SuiteRunnerWorker.java:52)
	at org.testng.SuiteRunnerWorker.run(SuiteRunnerWorker.java:86)
	at org.testng.TestNG.runSuitesSequentially(TestNG.java:1301)
	at org.testng.TestNG.runSuitesLocally(TestNG.java:1226)
	at org.testng.TestNG.runSuites(TestNG.java:1144)
	at org.testng.TestNG.run(TestNG.java:1115)
	at org.testng.remote.AbstractRemoteTestNG.run(AbstractRemoteTestNG.java:132)
	at org.testng.remote.RemoteTestNG.initAndRun(RemoteTestNG.java:230)
	at org.testng.remote.RemoteTestNG.main(RemoteTestNG.java:76)
</pre></div></td>
<td>43</td>
<td>com.app.akku.work.TestCases.AK_52_Create_Edit_Delete_Assign_OU@3ec300f1</td></tr>
<tr>
<td title='com.app.akku.work.TestCases.AK_52_Create_Edit_Delete_Assign_OU.AK_56_AddDuplicateOUunderdifferentParentOU()'><b>AK_56_AddDuplicateOUunderdifferentParentOU</b><br>Test class: com.app.akku.work.TestCases.AK_52_Create_Edit_Delete_Assign_OU<br>Parameters: qa@demo.cloudnowtech.com, password1, ChildOU, Google</td>
<td><div><pre>java.lang.AssertionError: null
	at com.app.akku.work.TestCases.AK_52_Create_Edit_Delete_Assign_OU.AK_56_AddDuplicateOUunderdifferentParentOU(AK_52_Create_Edit_Delete_Assign_OU.java:283)
... Removed 27 stack frames</pre></div><a href='#' onClick='toggleBox("stack-trace2105078741", this, "Click to show all stack frames", "Click to hide stack frames")'>Click to show all stack frames</a>
<div class='stack-trace' id='stack-trace2105078741'><pre>java.lang.AssertionError: null
	at org.testng.Assert.fail(Assert.java:93)
	at org.testng.Assert.fail(Assert.java:100)
	at com.app.akku.work.TestCases.AK_52_Create_Edit_Delete_Assign_OU.AK_56_AddDuplicateOUunderdifferentParentOU(AK_52_Create_Edit_Delete_Assign_OU.java:283)
	at sun.reflect.NativeMethodAccessorImpl.invoke0(Native Method)
	at sun.reflect.NativeMethodAccessorImpl.invoke(NativeMethodAccessorImpl.java:62)
	at sun.reflect.DelegatingMethodAccessorImpl.invoke(DelegatingMethodAccessorImpl.java:43)
	at java.lang.reflect.Method.invoke(Method.java:498)
	at org.testng.internal.MethodInvocationHelper.invokeMethod(MethodInvocationHelper.java:108)
	at org.testng.internal.Invoker.invokeMethod(Invoker.java:661)
	at org.testng.internal.Invoker.invokeTestMethod(Invoker.java:869)
	at org.testng.internal.Invoker.invokeTestMethods(Invoker.java:1193)
	at org.testng.internal.TestMethodWorker.invokeTestMethods(TestMethodWorker.java:126)
	at org.testng.internal.TestMethodWorker.run(TestMethodWorker.java:109)
	at org.testng.TestRunner.privateRun(TestRunner.java:744)
	at org.testng.TestRunner.run(TestRunner.java:602)
	at org.testng.SuiteRunner.runTest(SuiteRunner.java:380)
	at org.testng.SuiteRunner.runSequentially(SuiteRunner.java:375)
	at org.testng.SuiteRunner.privateRun(SuiteRunner.java:340)
	at org.testng.SuiteRunner.run(SuiteRunner.java:289)
	at org.testng.SuiteRunnerWorker.runSuite(SuiteRunnerWorker.java:52)
	at org.testng.SuiteRunnerWorker.run(SuiteRunnerWorker.java:86)
	at org.testng.TestNG.runSuitesSequentially(TestNG.java:1301)
	at org.testng.TestNG.runSuitesLocally(TestNG.java:1226)
	at org.testng.TestNG.runSuites(TestNG.java:1144)
	at org.testng.TestNG.run(TestNG.java:1115)
	at org.testng.remote.AbstractRemoteTestNG.run(AbstractRemoteTestNG.java:132)
	at org.testng.remote.RemoteTestNG.initAndRun(RemoteTestNG.java:230)
	at org.testng.remote.RemoteTestNG.main(RemoteTestNG.java:76)
</pre></div></td>
<td>41</td>
<td>com.app.akku.work.TestCases.AK_52_Create_Edit_Delete_Assign_OU@3ec300f1</td></tr>
<tr>
<td title='com.app.akku.work.TestCases.AK_52_Create_Edit_Delete_Assign_OU.AK_59_AssignUsers()'><b>AK_59_AssignUsers</b><br>Test class: com.app.akku.work.TestCases.AK_52_Create_Edit_Delete_Assign_OU<br>Parameters: qa@demo.cloudnowtech.com, password1, DemoFN, @#$#</td>
<td><div><pre>java.lang.AssertionError: null
	at com.app.akku.work.TestCases.AK_52_Create_Edit_Delete_Assign_OU.AK_59_AssignUsers(AK_52_Create_Edit_Delete_Assign_OU.java:521)
... Removed 27 stack frames</pre></div><a href='#' onClick='toggleBox("stack-trace1556730832", this, "Click to show all stack frames", "Click to hide stack frames")'>Click to show all stack frames</a>
<div class='stack-trace' id='stack-trace1556730832'><pre>java.lang.AssertionError: null
	at org.testng.Assert.fail(Assert.java:93)
	at org.testng.Assert.fail(Assert.java:100)
	at com.app.akku.work.TestCases.AK_52_Create_Edit_Delete_Assign_OU.AK_59_AssignUsers(AK_52_Create_Edit_Delete_Assign_OU.java:521)
	at sun.reflect.NativeMethodAccessorImpl.invoke0(Native Method)
	at sun.reflect.NativeMethodAccessorImpl.invoke(NativeMethodAccessorImpl.java:62)
	at sun.reflect.DelegatingMethodAccessorImpl.invoke(DelegatingMethodAccessorImpl.java:43)
	at java.lang.reflect.Method.invoke(Method.java:498)
	at org.testng.internal.MethodInvocationHelper.invokeMethod(MethodInvocationHelper.java:108)
	at org.testng.internal.Invoker.invokeMethod(Invoker.java:661)
	at org.testng.internal.Invoker.invokeTestMethod(Invoker.java:869)
	at org.testng.internal.Invoker.invokeTestMethods(Invoker.java:1193)
	at org.testng.internal.TestMethodWorker.invokeTestMethods(TestMethodWorker.java:126)
	at org.testng.internal.TestMethodWorker.run(TestMethodWorker.java:109)
	at org.testng.TestRunner.privateRun(TestRunner.java:744)
	at org.testng.TestRunner.run(TestRunner.java:602)
	at org.testng.SuiteRunner.runTest(SuiteRunner.java:380)
	at org.testng.SuiteRunner.runSequentially(SuiteRunner.java:375)
	at org.testng.SuiteRunner.privateRun(SuiteRunner.java:340)
	at org.testng.SuiteRunner.run(SuiteRunner.java:289)
	at org.testng.SuiteRunnerWorker.runSuite(SuiteRunnerWorker.java:52)
	at org.testng.SuiteRunnerWorker.run(SuiteRunnerWorker.java:86)
	at org.testng.TestNG.runSuitesSequentially(TestNG.java:1301)
	at org.testng.TestNG.runSuitesLocally(TestNG.java:1226)
	at org.testng.TestNG.runSuites(TestNG.java:1144)
	at org.testng.TestNG.run(TestNG.java:1115)
	at org.testng.remote.AbstractRemoteTestNG.run(AbstractRemoteTestNG.java:132)
	at org.testng.remote.RemoteTestNG.initAndRun(RemoteTestNG.java:230)
	at org.testng.remote.RemoteTestNG.main(RemoteTestNG.java:76)
</pre></div></td>
<td>35</td>
<td>com.app.akku.work.TestCases.AK_52_Create_Edit_Delete_Assign_OU@3ec300f1</td></tr>
<tr>
<td title='com.app.akku.work.TestCases.AK_52_Create_Edit_Delete_Assign_OU.AK_60_DeleteParentOUwhichhaveSubOUinOUManagementpage()'><b>AK_60_DeleteParentOUwhichhaveSubOUinOUManagementpage</b><br>Test class: com.app.akku.work.TestCases.AK_52_Create_Edit_Delete_Assign_OU<br>Parameters: qa@demo.cloudnowtech.com, password1, ChildOU, DemoFN</td>
<td><div><pre>java.lang.AssertionError: null
	at com.app.akku.work.TestCases.AK_52_Create_Edit_Delete_Assign_OU.AK_60_DeleteParentOUwhichhaveSubOUinOUManagementpage(AK_52_Create_Edit_Delete_Assign_OU.java:628)
... Removed 27 stack frames</pre></div><a href='#' onClick='toggleBox("stack-trace132644461", this, "Click to show all stack frames", "Click to hide stack frames")'>Click to show all stack frames</a>
<div class='stack-trace' id='stack-trace132644461'><pre>java.lang.AssertionError: null
	at org.testng.Assert.fail(Assert.java:93)
	at org.testng.Assert.fail(Assert.java:100)
	at com.app.akku.work.TestCases.AK_52_Create_Edit_Delete_Assign_OU.AK_60_DeleteParentOUwhichhaveSubOUinOUManagementpage(AK_52_Create_Edit_Delete_Assign_OU.java:628)
	at sun.reflect.NativeMethodAccessorImpl.invoke0(Native Method)
	at sun.reflect.NativeMethodAccessorImpl.invoke(NativeMethodAccessorImpl.java:62)
	at sun.reflect.DelegatingMethodAccessorImpl.invoke(DelegatingMethodAccessorImpl.java:43)
	at java.lang.reflect.Method.invoke(Method.java:498)
	at org.testng.internal.MethodInvocationHelper.invokeMethod(MethodInvocationHelper.java:108)
	at org.testng.internal.Invoker.invokeMethod(Invoker.java:661)
	at org.testng.internal.Invoker.invokeTestMethod(Invoker.java:869)
	at org.testng.internal.Invoker.invokeTestMethods(Invoker.java:1193)
	at org.testng.internal.TestMethodWorker.invokeTestMethods(TestMethodWorker.java:126)
	at org.testng.internal.TestMethodWorker.run(TestMethodWorker.java:109)
	at org.testng.TestRunner.privateRun(TestRunner.java:744)
	at org.testng.TestRunner.run(TestRunner.java:602)
	at org.testng.SuiteRunner.runTest(SuiteRunner.java:380)
	at org.testng.SuiteRunner.runSequentially(SuiteRunner.java:375)
	at org.testng.SuiteRunner.privateRun(SuiteRunner.java:340)
	at org.testng.SuiteRunner.run(SuiteRunner.java:289)
	at org.testng.SuiteRunnerWorker.runSuite(SuiteRunnerWorker.java:52)
	at org.testng.SuiteRunnerWorker.run(SuiteRunnerWorker.java:86)
	at org.testng.TestNG.runSuitesSequentially(TestNG.java:1301)
	at org.testng.TestNG.runSuitesLocally(TestNG.java:1226)
	at org.testng.TestNG.runSuites(TestNG.java:1144)
	at org.testng.TestNG.run(TestNG.java:1115)
	at org.testng.remote.AbstractRemoteTestNG.run(AbstractRemoteTestNG.java:132)
	at org.testng.remote.RemoteTestNG.initAndRun(RemoteTestNG.java:230)
	at org.testng.remote.RemoteTestNG.main(RemoteTestNG.java:76)
</pre></div></td>
<td>13</td>
<td>com.app.akku.work.TestCases.AK_52_Create_Edit_Delete_Assign_OU@3ec300f1</td></tr>
<tr>
<td title='com.app.akku.work.TestCases.AK_52_Create_Edit_Delete_Assign_OU.AK_61_DeleteOUwhichhaveuserinOUManagementpage()'><b>AK_61_DeleteOUwhichhaveuserinOUManagementpage</b><br>Test class: com.app.akku.work.TestCases.AK_52_Create_Edit_Delete_Assign_OU<br>Parameters: qa@demo.cloudnowtech.com, password1, ChildOU, DemoFN</td>
<td><div><pre>java.lang.AssertionError: null
	at com.app.akku.work.TestCases.AK_52_Create_Edit_Delete_Assign_OU.AK_61_DeleteOUwhichhaveuserinOUManagementpage(AK_52_Create_Edit_Delete_Assign_OU.java:682)
... Removed 27 stack frames</pre></div><a href='#' onClick='toggleBox("stack-trace1157624710", this, "Click to show all stack frames", "Click to hide stack frames")'>Click to show all stack frames</a>
<div class='stack-trace' id='stack-trace1157624710'><pre>java.lang.AssertionError: null
	at org.testng.Assert.fail(Assert.java:93)
	at org.testng.Assert.fail(Assert.java:100)
	at com.app.akku.work.TestCases.AK_52_Create_Edit_Delete_Assign_OU.AK_61_DeleteOUwhichhaveuserinOUManagementpage(AK_52_Create_Edit_Delete_Assign_OU.java:682)
	at sun.reflect.NativeMethodAccessorImpl.invoke0(Native Method)
	at sun.reflect.NativeMethodAccessorImpl.invoke(NativeMethodAccessorImpl.java:62)
	at sun.reflect.DelegatingMethodAccessorImpl.invoke(DelegatingMethodAccessorImpl.java:43)
	at java.lang.reflect.Method.invoke(Method.java:498)
	at org.testng.internal.MethodInvocationHelper.invokeMethod(MethodInvocationHelper.java:108)
	at org.testng.internal.Invoker.invokeMethod(Invoker.java:661)
	at org.testng.internal.Invoker.invokeTestMethod(Invoker.java:869)
	at org.testng.internal.Invoker.invokeTestMethods(Invoker.java:1193)
	at org.testng.internal.TestMethodWorker.invokeTestMethods(TestMethodWorker.java:126)
	at org.testng.internal.TestMethodWorker.run(TestMethodWorker.java:109)
	at org.testng.TestRunner.privateRun(TestRunner.java:744)
	at org.testng.TestRunner.run(TestRunner.java:602)
	at org.testng.SuiteRunner.runTest(SuiteRunner.java:380)
	at org.testng.SuiteRunner.runSequentially(SuiteRunner.java:375)
	at org.testng.SuiteRunner.privateRun(SuiteRunner.java:340)
	at org.testng.SuiteRunner.run(SuiteRunner.java:289)
	at org.testng.SuiteRunnerWorker.runSuite(SuiteRunnerWorker.java:52)
	at org.testng.SuiteRunnerWorker.run(SuiteRunnerWorker.java:86)
	at org.testng.TestNG.runSuitesSequentially(TestNG.java:1301)
	at org.testng.TestNG.runSuitesLocally(TestNG.java:1226)
	at org.testng.TestNG.runSuites(TestNG.java:1144)
	at org.testng.TestNG.run(TestNG.java:1115)
	at org.testng.remote.AbstractRemoteTestNG.run(AbstractRemoteTestNG.java:132)
	at org.testng.remote.RemoteTestNG.initAndRun(RemoteTestNG.java:230)
	at org.testng.remote.RemoteTestNG.main(RemoteTestNG.java:76)
</pre></div></td>
<td>36</td>
<td>com.app.akku.work.TestCases.AK_52_Create_Edit_Delete_Assign_OU@3ec300f1</td></tr>
</table><p>
</body>
</html>