<?xml version="1.0" encoding="UTF-8"?>
<!-- Generated by org.testng.reporters.JUnitXMLReporter -->
<testsuite hostname="css02-Latitude-E6440" ignored="0" name="Site_Blocking" tests="1" failures="1" timestamp="24 Oct 2017 13:41:33 GMT" time="64.429" errors="0">
  <testcase name="validLogin" time="53.937" classname="com.app.akku.work.TestCases.HRBX_Site">
    <failure type="com.applitools.eyes.exceptions.TestFailedException" message="&amp;apos;Chrome Web UI&amp;apos; of &amp;apos;HRBX&amp;apos;. See details at https://eyes.applitools.com/app/batches/00000251893448366971/00000251893448366721?accountId=CjNC7Dcbs0etP5YNreB0lw~~">
      <![CDATA[com.applitools.eyes.exceptions.TestFailedException: 'Chrome Web UI' of 'HRBX'. See details at https://eyes.applitools.com/app/batches/00000251893448366971/00000251893448366721?accountId=CjNC7Dcbs0etP5YNreB0lw~~
	at com.applitools.eyes.EyesBase.close(EyesBase.java:653)
	at com.applitools.eyes.EyesBase.close(EyesBase.java:594)
	at com.app.akku.work.TestCases.HRBX_Site.validLogin(HRBX_Site.java:100)
... Removed 25 stack frames]]>
    </failure>
  </testcase> <!-- validLogin -->
</testsuite> <!-- Site_Blocking -->
