<?xml version="1.0" encoding="UTF-8"?>
<!-- Generated by org.testng.reporters.JUnitXMLReporter -->
<testsuite hostname="css02-Latitude-E6440" ignored="0" name="Site_Blocking in firefox" tests="4" failures="4" timestamp="07 Nov 2017 13:13:20 GMT" time="87.807" errors="0">
  <testcase name="siteBlock" time="13.859" classname="com.app.akku.work.TestCases.AKKU_26_Siteblocking">
    <failure type="org.openqa.selenium.NoSuchElementException" message="Unable to locate element: //td[contains(.,&amp;apos;qa@demo.cloudnowtech.com&amp;apos;)]
For documentation on this error, please visit: http://seleniumhq.org/exceptions/no_such_element.html
Build info: version: &amp;apos;3.5.2&amp;apos;, revision: &amp;apos;10229a9&amp;apos;, time: &amp;apos;2017-08-21T17:29:55.15Z&amp;apos;
System info: host: &amp;apos;css02-Latitude-E6440&amp;apos;, ip: &amp;apos;127.0.1.1&amp;apos;, os.name: &amp;apos;Linux&amp;apos;, os.arch: &amp;apos;amd64&amp;apos;, os.version: &amp;apos;4.10.0-38-generic&amp;apos;, java.version: &amp;apos;1.8.0_144&amp;apos;
Driver info: org.openqa.selenium.firefox.FirefoxDriver
Capabilities [{moz:profile=/tmp/rust_mozprofile.a8j35up9dixP, rotatable=false, timeouts={implicit=0, pageLoad=300000, script=30000}, pageLoadStrategy=normal, moz:headless=false, platform=ANY, specificationLevel=0, moz:accessibilityChecks=false, acceptInsecureCerts=false, browserVersion=56.0, platformVersion=4.10.0-38-generic, moz:processID=2833, browserName=firefox, javascriptEnabled=true, platformName=linux}]
Session ID: 80d7fdab-efe6-4ad2-b0d7-4c15a12db38e
*** Element info: {Using=xpath, value=//td[contains(.,&amp;apos;qa@demo.cloudnowtech.com&amp;apos;)]}">
      <![CDATA[org.openqa.selenium.NoSuchElementException: Unable to locate element: //td[contains(.,'qa@demo.cloudnowtech.com')]
For documentation on this error, please visit: http://seleniumhq.org/exceptions/no_such_element.html
Build info: version: '3.5.2', revision: '10229a9', time: '2017-08-21T17:29:55.15Z'
System info: host: 'css02-Latitude-E6440', ip: '127.0.1.1', os.name: 'Linux', os.arch: 'amd64', os.version: '4.10.0-38-generic', java.version: '1.8.0_144'
Driver info: org.openqa.selenium.firefox.FirefoxDriver
Capabilities [{moz:profile=/tmp/rust_mozprofile.a8j35up9dixP, rotatable=false, timeouts={implicit=0, pageLoad=300000, script=30000}, pageLoadStrategy=normal, moz:headless=false, platform=ANY, specificationLevel=0, moz:accessibilityChecks=false, acceptInsecureCerts=false, browserVersion=56.0, platformVersion=4.10.0-38-generic, moz:processID=2833, browserName=firefox, javascriptEnabled=true, platformName=linux}]
Session ID: 80d7fdab-efe6-4ad2-b0d7-4c15a12db38e
*** Element info: {Using=xpath, value=//td[contains(.,'qa@demo.cloudnowtech.com')]}
	at org.openqa.selenium.remote.http.W3CHttpResponseCodec.createException(W3CHttpResponseCodec.java:185)
	at org.openqa.selenium.remote.http.W3CHttpResponseCodec.decode(W3CHttpResponseCodec.java:120)
	at org.openqa.selenium.remote.http.W3CHttpResponseCodec.decode(W3CHttpResponseCodec.java:49)
	at org.openqa.selenium.remote.HttpCommandExecutor.execute(HttpCommandExecutor.java:164)
	at org.openqa.selenium.remote.service.DriverCommandExecutor.execute(DriverCommandExecutor.java:82)
	at org.openqa.selenium.remote.RemoteWebDriver.execute(RemoteWebDriver.java:641)
	at org.openqa.selenium.remote.RemoteWebDriver.findElement(RemoteWebDriver.java:414)
	at org.openqa.selenium.remote.RemoteWebDriver.findElementByXPath(RemoteWebDriver.java:513)
	at org.openqa.selenium.By$ByXPath.findElement(By.java:361)
	at org.openqa.selenium.remote.RemoteWebDriver.findElement(RemoteWebDriver.java:406)
	at com.app.akku.work.pageobjects.LoginPage.Loginpage.validatedloggedinUserDetailsEmailID(Loginpage.java:109)
	at com.app.akku.work.TestCases.AKKU_26_Siteblocking.siteBlock(AKKU_26_Siteblocking.java:52)
... Removed 29 stack frames]]>
    </failure>
  </testcase> <!-- siteBlock -->
  <testcase name="SiteBlocking_InvalidUrlFormat" time="14.194" classname="com.app.akku.work.TestCases.AKKU_26_Siteblocking">
    <failure type="org.openqa.selenium.NoSuchElementException" message="Unable to locate element: //td[contains(.,&amp;apos;qa@demo.cloudnowtech.com&amp;apos;)]
For documentation on this error, please visit: http://seleniumhq.org/exceptions/no_such_element.html
Build info: version: &amp;apos;3.5.2&amp;apos;, revision: &amp;apos;10229a9&amp;apos;, time: &amp;apos;2017-08-21T17:29:55.15Z&amp;apos;
System info: host: &amp;apos;css02-Latitude-E6440&amp;apos;, ip: &amp;apos;127.0.1.1&amp;apos;, os.name: &amp;apos;Linux&amp;apos;, os.arch: &amp;apos;amd64&amp;apos;, os.version: &amp;apos;4.10.0-38-generic&amp;apos;, java.version: &amp;apos;1.8.0_144&amp;apos;
Driver info: org.openqa.selenium.firefox.FirefoxDriver
Capabilities [{moz:profile=/tmp/rust_mozprofile.AAGvqYPcv2zd, rotatable=false, timeouts={implicit=0, pageLoad=300000, script=30000}, pageLoadStrategy=normal, moz:headless=false, platform=ANY, specificationLevel=0, moz:accessibilityChecks=false, acceptInsecureCerts=false, browserVersion=56.0, platformVersion=4.10.0-38-generic, moz:processID=2982, browserName=firefox, javascriptEnabled=true, platformName=linux}]
Session ID: b4fe4467-899a-4bc4-95b7-792825858bb9
*** Element info: {Using=xpath, value=//td[contains(.,&amp;apos;qa@demo.cloudnowtech.com&amp;apos;)]}">
      <![CDATA[org.openqa.selenium.NoSuchElementException: Unable to locate element: //td[contains(.,'qa@demo.cloudnowtech.com')]
For documentation on this error, please visit: http://seleniumhq.org/exceptions/no_such_element.html
Build info: version: '3.5.2', revision: '10229a9', time: '2017-08-21T17:29:55.15Z'
System info: host: 'css02-Latitude-E6440', ip: '127.0.1.1', os.name: 'Linux', os.arch: 'amd64', os.version: '4.10.0-38-generic', java.version: '1.8.0_144'
Driver info: org.openqa.selenium.firefox.FirefoxDriver
Capabilities [{moz:profile=/tmp/rust_mozprofile.AAGvqYPcv2zd, rotatable=false, timeouts={implicit=0, pageLoad=300000, script=30000}, pageLoadStrategy=normal, moz:headless=false, platform=ANY, specificationLevel=0, moz:accessibilityChecks=false, acceptInsecureCerts=false, browserVersion=56.0, platformVersion=4.10.0-38-generic, moz:processID=2982, browserName=firefox, javascriptEnabled=true, platformName=linux}]
Session ID: b4fe4467-899a-4bc4-95b7-792825858bb9
*** Element info: {Using=xpath, value=//td[contains(.,'qa@demo.cloudnowtech.com')]}
	at org.openqa.selenium.remote.http.W3CHttpResponseCodec.createException(W3CHttpResponseCodec.java:185)
	at org.openqa.selenium.remote.http.W3CHttpResponseCodec.decode(W3CHttpResponseCodec.java:120)
	at org.openqa.selenium.remote.http.W3CHttpResponseCodec.decode(W3CHttpResponseCodec.java:49)
	at org.openqa.selenium.remote.HttpCommandExecutor.execute(HttpCommandExecutor.java:164)
	at org.openqa.selenium.remote.service.DriverCommandExecutor.execute(DriverCommandExecutor.java:82)
	at org.openqa.selenium.remote.RemoteWebDriver.execute(RemoteWebDriver.java:641)
	at org.openqa.selenium.remote.RemoteWebDriver.findElement(RemoteWebDriver.java:414)
	at org.openqa.selenium.remote.RemoteWebDriver.findElementByXPath(RemoteWebDriver.java:513)
	at org.openqa.selenium.By$ByXPath.findElement(By.java:361)
	at org.openqa.selenium.remote.RemoteWebDriver.findElement(RemoteWebDriver.java:406)
	at com.app.akku.work.pageobjects.LoginPage.Loginpage.validatedloggedinUserDetailsEmailID(Loginpage.java:109)
	at com.app.akku.work.TestCases.AKKU_26_Siteblocking.SiteBlocking_InvalidUrlFormat(AKKU_26_Siteblocking.java:80)
... Removed 29 stack frames]]>
    </failure>
  </testcase> <!-- SiteBlocking_InvalidUrlFormat -->
  <testcase name="SiteBlockingwithoutUrlAndDescription" time="14.083" classname="com.app.akku.work.TestCases.AKKU_26_Siteblocking">
    <failure type="org.openqa.selenium.NoSuchElementException" message="Unable to locate element: //td[contains(.,&amp;apos;qa@demo.cloudnowtech.com&amp;apos;)]
For documentation on this error, please visit: http://seleniumhq.org/exceptions/no_such_element.html
Build info: version: &amp;apos;3.5.2&amp;apos;, revision: &amp;apos;10229a9&amp;apos;, time: &amp;apos;2017-08-21T17:29:55.15Z&amp;apos;
System info: host: &amp;apos;css02-Latitude-E6440&amp;apos;, ip: &amp;apos;127.0.1.1&amp;apos;, os.name: &amp;apos;Linux&amp;apos;, os.arch: &amp;apos;amd64&amp;apos;, os.version: &amp;apos;4.10.0-38-generic&amp;apos;, java.version: &amp;apos;1.8.0_144&amp;apos;
Driver info: org.openqa.selenium.firefox.FirefoxDriver
Capabilities [{moz:profile=/tmp/rust_mozprofile.eT3j92DvX2Tq, rotatable=false, timeouts={implicit=0, pageLoad=300000, script=30000}, pageLoadStrategy=normal, moz:headless=false, platform=ANY, specificationLevel=0, moz:accessibilityChecks=false, acceptInsecureCerts=false, browserVersion=56.0, platformVersion=4.10.0-38-generic, moz:processID=3111, browserName=firefox, javascriptEnabled=true, platformName=linux}]
Session ID: 6fda8a63-8c96-4a84-bce5-a11ec712267f
*** Element info: {Using=xpath, value=//td[contains(.,&amp;apos;qa@demo.cloudnowtech.com&amp;apos;)]}">
      <![CDATA[org.openqa.selenium.NoSuchElementException: Unable to locate element: //td[contains(.,'qa@demo.cloudnowtech.com')]
For documentation on this error, please visit: http://seleniumhq.org/exceptions/no_such_element.html
Build info: version: '3.5.2', revision: '10229a9', time: '2017-08-21T17:29:55.15Z'
System info: host: 'css02-Latitude-E6440', ip: '127.0.1.1', os.name: 'Linux', os.arch: 'amd64', os.version: '4.10.0-38-generic', java.version: '1.8.0_144'
Driver info: org.openqa.selenium.firefox.FirefoxDriver
Capabilities [{moz:profile=/tmp/rust_mozprofile.eT3j92DvX2Tq, rotatable=false, timeouts={implicit=0, pageLoad=300000, script=30000}, pageLoadStrategy=normal, moz:headless=false, platform=ANY, specificationLevel=0, moz:accessibilityChecks=false, acceptInsecureCerts=false, browserVersion=56.0, platformVersion=4.10.0-38-generic, moz:processID=3111, browserName=firefox, javascriptEnabled=true, platformName=linux}]
Session ID: 6fda8a63-8c96-4a84-bce5-a11ec712267f
*** Element info: {Using=xpath, value=//td[contains(.,'qa@demo.cloudnowtech.com')]}
	at org.openqa.selenium.remote.http.W3CHttpResponseCodec.createException(W3CHttpResponseCodec.java:185)
	at org.openqa.selenium.remote.http.W3CHttpResponseCodec.decode(W3CHttpResponseCodec.java:120)
	at org.openqa.selenium.remote.http.W3CHttpResponseCodec.decode(W3CHttpResponseCodec.java:49)
	at org.openqa.selenium.remote.HttpCommandExecutor.execute(HttpCommandExecutor.java:164)
	at org.openqa.selenium.remote.service.DriverCommandExecutor.execute(DriverCommandExecutor.java:82)
	at org.openqa.selenium.remote.RemoteWebDriver.execute(RemoteWebDriver.java:641)
	at org.openqa.selenium.remote.RemoteWebDriver.findElement(RemoteWebDriver.java:414)
	at org.openqa.selenium.remote.RemoteWebDriver.findElementByXPath(RemoteWebDriver.java:513)
	at org.openqa.selenium.By$ByXPath.findElement(By.java:361)
	at org.openqa.selenium.remote.RemoteWebDriver.findElement(RemoteWebDriver.java:406)
	at com.app.akku.work.pageobjects.LoginPage.Loginpage.validatedloggedinUserDetailsEmailID(Loginpage.java:109)
	at com.app.akku.work.TestCases.AKKU_26_Siteblocking.SiteBlockingwithoutUrlAndDescription(AKKU_26_Siteblocking.java:107)
... Removed 29 stack frames]]>
    </failure>
  </testcase> <!-- SiteBlockingwithoutUrlAndDescription -->
  <testcase name="SiteBlockingwithoutUrlDescription" time="15.126" classname="com.app.akku.work.TestCases.AKKU_26_Siteblocking">
    <failure type="org.openqa.selenium.NoSuchElementException" message="Unable to locate element: //td[contains(.,&amp;apos;qa@demo.cloudnowtech.com&amp;apos;)]
For documentation on this error, please visit: http://seleniumhq.org/exceptions/no_such_element.html
Build info: version: &amp;apos;3.5.2&amp;apos;, revision: &amp;apos;10229a9&amp;apos;, time: &amp;apos;2017-08-21T17:29:55.15Z&amp;apos;
System info: host: &amp;apos;css02-Latitude-E6440&amp;apos;, ip: &amp;apos;127.0.1.1&amp;apos;, os.name: &amp;apos;Linux&amp;apos;, os.arch: &amp;apos;amd64&amp;apos;, os.version: &amp;apos;4.10.0-38-generic&amp;apos;, java.version: &amp;apos;1.8.0_144&amp;apos;
Driver info: org.openqa.selenium.firefox.FirefoxDriver
Capabilities [{moz:profile=/tmp/rust_mozprofile.cWwZSElJMmIX, rotatable=false, timeouts={implicit=0, pageLoad=300000, script=30000}, pageLoadStrategy=normal, moz:headless=false, platform=ANY, specificationLevel=0, moz:accessibilityChecks=false, acceptInsecureCerts=false, browserVersion=56.0, platformVersion=4.10.0-38-generic, moz:processID=3257, browserName=firefox, javascriptEnabled=true, platformName=linux}]
Session ID: 8089cfe7-92ec-4f43-8c56-7088abe223f3
*** Element info: {Using=xpath, value=//td[contains(.,&amp;apos;qa@demo.cloudnowtech.com&amp;apos;)]}">
      <![CDATA[org.openqa.selenium.NoSuchElementException: Unable to locate element: //td[contains(.,'qa@demo.cloudnowtech.com')]
For documentation on this error, please visit: http://seleniumhq.org/exceptions/no_such_element.html
Build info: version: '3.5.2', revision: '10229a9', time: '2017-08-21T17:29:55.15Z'
System info: host: 'css02-Latitude-E6440', ip: '127.0.1.1', os.name: 'Linux', os.arch: 'amd64', os.version: '4.10.0-38-generic', java.version: '1.8.0_144'
Driver info: org.openqa.selenium.firefox.FirefoxDriver
Capabilities [{moz:profile=/tmp/rust_mozprofile.cWwZSElJMmIX, rotatable=false, timeouts={implicit=0, pageLoad=300000, script=30000}, pageLoadStrategy=normal, moz:headless=false, platform=ANY, specificationLevel=0, moz:accessibilityChecks=false, acceptInsecureCerts=false, browserVersion=56.0, platformVersion=4.10.0-38-generic, moz:processID=3257, browserName=firefox, javascriptEnabled=true, platformName=linux}]
Session ID: 8089cfe7-92ec-4f43-8c56-7088abe223f3
*** Element info: {Using=xpath, value=//td[contains(.,'qa@demo.cloudnowtech.com')]}
	at org.openqa.selenium.remote.http.W3CHttpResponseCodec.createException(W3CHttpResponseCodec.java:185)
	at org.openqa.selenium.remote.http.W3CHttpResponseCodec.decode(W3CHttpResponseCodec.java:120)
	at org.openqa.selenium.remote.http.W3CHttpResponseCodec.decode(W3CHttpResponseCodec.java:49)
	at org.openqa.selenium.remote.HttpCommandExecutor.execute(HttpCommandExecutor.java:164)
	at org.openqa.selenium.remote.service.DriverCommandExecutor.execute(DriverCommandExecutor.java:82)
	at org.openqa.selenium.remote.RemoteWebDriver.execute(RemoteWebDriver.java:641)
	at org.openqa.selenium.remote.RemoteWebDriver.findElement(RemoteWebDriver.java:414)
	at org.openqa.selenium.remote.RemoteWebDriver.findElementByXPath(RemoteWebDriver.java:513)
	at org.openqa.selenium.By$ByXPath.findElement(By.java:361)
	at org.openqa.selenium.remote.RemoteWebDriver.findElement(RemoteWebDriver.java:406)
	at com.app.akku.work.pageobjects.LoginPage.Loginpage.validatedloggedinUserDetailsEmailID(Loginpage.java:109)
	at com.app.akku.work.TestCases.AKKU_26_Siteblocking.SiteBlockingwithoutUrlDescription(AKKU_26_Siteblocking.java:132)
... Removed 29 stack frames]]>
    </failure>
  </testcase> <!-- SiteBlockingwithoutUrlDescription -->
</testsuite> <!-- Site_Blocking in firefox -->
