<?xml version="1.0" encoding="UTF-8"?>
<!-- Generated by org.testng.reporters.JUnitXMLReporter -->
<<<<<<< HEAD
<testsuite hostname="CN-D-027" ignored="0" name="Default test" tests="5" failures="0" timestamp="28 Nov 2017 06:53:28 GMT" time="0.891" errors="0">
  <testcase name="@BeforeMethod setup" time="0.0" classname="com.app.akku.work.common.Browser_Setup">
    <failure type="org.testng.TestNGException" message="
Parameter &amp;apos;Environment&amp;apos; is required by BeforeMethod on method setup but has not been marked @Optional or defined
in C:\Users\Dell\AppData\Local\Temp\testng-eclipse-869968634\testng-customsuite.xml">
      <![CDATA[org.testng.TestNGException: 
Parameter 'Environment' is required by BeforeMethod on method setup but has not been marked @Optional or defined
in C:\Users\Dell\AppData\Local\Temp\testng-eclipse-869968634\testng-customsuite.xml
=======
<testsuite hostname="CN-D-027" ignored="0" name="Default test" tests="13" failures="0" timestamp="27 Nov 2017 08:48:59 GMT" time="1.345" errors="0">
  <testcase name="@BeforeMethod setup" time="0.0" classname="com.app.akku.work.common.Browser_Setup">
    <failure type="org.testng.TestNGException" message="
Parameter &amp;apos;Environment&amp;apos; is required by BeforeMethod on method setup but has not been marked @Optional or defined
in C:\Users\Dell\AppData\Local\Temp\testng-eclipse--1831635920\testng-customsuite.xml">
      <![CDATA[org.testng.TestNGException: 
Parameter 'Environment' is required by BeforeMethod on method setup but has not been marked @Optional or defined
in C:\Users\Dell\AppData\Local\Temp\testng-eclipse--1831635920\testng-customsuite.xml
>>>>>>> 90d437f53722b12c2e941d2a5f361968b3e3fe52
	at org.testng.internal.Parameters.createParameters(Parameters.java:199)
	at org.testng.internal.Parameters.createParameters(Parameters.java:443)
	at org.testng.internal.Parameters.createConfigurationParameters(Parameters.java:118)
	at org.testng.internal.Invoker.invokeConfigurations(Invoker.java:206)
	at org.testng.internal.Invoker.invokeMethod(Invoker.java:599)
	at org.testng.internal.Invoker.invokeTestMethod(Invoker.java:869)
	at org.testng.internal.Invoker.invokeTestMethods(Invoker.java:1193)
	at org.testng.internal.TestMethodWorker.invokeTestMethods(TestMethodWorker.java:126)
	at org.testng.internal.TestMethodWorker.run(TestMethodWorker.java:109)
	at org.testng.TestRunner.privateRun(TestRunner.java:744)
	at org.testng.TestRunner.run(TestRunner.java:602)
	at org.testng.SuiteRunner.runTest(SuiteRunner.java:380)
	at org.testng.SuiteRunner.runSequentially(SuiteRunner.java:375)
	at org.testng.SuiteRunner.privateRun(SuiteRunner.java:340)
	at org.testng.SuiteRunner.run(SuiteRunner.java:289)
	at org.testng.SuiteRunnerWorker.runSuite(SuiteRunnerWorker.java:52)
	at org.testng.SuiteRunnerWorker.run(SuiteRunnerWorker.java:86)
	at org.testng.TestNG.runSuitesSequentially(TestNG.java:1301)
	at org.testng.TestNG.runSuitesLocally(TestNG.java:1226)
	at org.testng.TestNG.runSuites(TestNG.java:1144)
	at org.testng.TestNG.run(TestNG.java:1115)
	at org.testng.remote.AbstractRemoteTestNG.run(AbstractRemoteTestNG.java:132)
	at org.testng.remote.RemoteTestNG.initAndRun(RemoteTestNG.java:230)
	at org.testng.remote.RemoteTestNG.main(RemoteTestNG.java:76)
]]>
    </failure>
  </testcase> <!-- @BeforeMethod setup -->
  <testcase name="@BeforeMethod setup" time="0.0" classname="com.app.akku.work.common.Browser_Setup">
    <skipped/>
  </testcase> <!-- @BeforeMethod setup -->
  <testcase name="@BeforeMethod setup" time="0.0" classname="com.app.akku.work.common.Browser_Setup">
    <skipped/>
  </testcase> <!-- @BeforeMethod setup -->
  <testcase name="@BeforeMethod setup" time="0.0" classname="com.app.akku.work.common.Browser_Setup">
    <skipped/>
  </testcase> <!-- @BeforeMethod setup -->
  <testcase name="@BeforeMethod setup" time="0.0" classname="com.app.akku.work.common.Browser_Setup">
    <skipped/>
  </testcase> <!-- @BeforeMethod setup -->
<<<<<<< HEAD
  <testcase name="@AfterTest teardown" time="0.0" classname="com.app.akku.work.TestCases.AKKU_01_LoginANDlogout">
    <skipped/>
  </testcase> <!-- @AfterTest teardown -->
  <testcase name="AK_01_ValidLogin" time="0.0" classname="com.app.akku.work.TestCases.AKKU_01_LoginANDlogout">
    <skipped/>
  </testcase> <!-- AK_01_ValidLogin -->
  <testcase name="AK_02_LoginWithValidEmailAndInvalidPassword" time="0.0" classname="com.app.akku.work.TestCases.AKKU_01_LoginANDlogout">
    <skipped/>
  </testcase> <!-- AK_02_LoginWithValidEmailAndInvalidPassword -->
  <testcase name="AK_03_LoginwithValidUserNameandEmptyPassword" time="0.0" classname="com.app.akku.work.TestCases.AKKU_01_LoginANDlogout">
    <skipped/>
  </testcase> <!-- AK_03_LoginwithValidUserNameandEmptyPassword -->
  <testcase name="AK_04_LoginwithinvalidUsernameandinvalidPassword" time="0.0" classname="com.app.akku.work.TestCases.AKKU_01_LoginANDlogout">
    <skipped/>
  </testcase> <!-- AK_04_LoginwithinvalidUsernameandinvalidPassword -->
  <testcase name="AK_05_LoginwithemptyUsernameandValidPassword" time="0.0" classname="com.app.akku.work.TestCases.AKKU_01_LoginANDlogout">
    <skipped/>
  </testcase> <!-- AK_05_LoginwithemptyUsernameandValidPassword -->
=======
  <testcase name="@BeforeMethod setup" time="0.0" classname="com.app.akku.work.common.Browser_Setup">
    <skipped/>
  </testcase> <!-- @BeforeMethod setup -->
  <testcase name="@BeforeMethod setup" time="0.0" classname="com.app.akku.work.common.Browser_Setup">
    <skipped/>
  </testcase> <!-- @BeforeMethod setup -->
  <testcase name="@BeforeMethod setup" time="0.0" classname="com.app.akku.work.common.Browser_Setup">
    <skipped/>
  </testcase> <!-- @BeforeMethod setup -->
  <testcase name="@BeforeMethod setup" time="0.0" classname="com.app.akku.work.common.Browser_Setup">
    <skipped/>
  </testcase> <!-- @BeforeMethod setup -->
  <testcase name="@BeforeMethod setup" time="0.0" classname="com.app.akku.work.common.Browser_Setup">
    <skipped/>
  </testcase> <!-- @BeforeMethod setup -->
  <testcase name="@BeforeMethod setup" time="0.0" classname="com.app.akku.work.common.Browser_Setup">
    <skipped/>
  </testcase> <!-- @BeforeMethod setup -->
  <testcase name="@BeforeMethod setup" time="0.0" classname="com.app.akku.work.common.Browser_Setup">
    <skipped/>
  </testcase> <!-- @BeforeMethod setup -->
  <testcase name="@BeforeMethod setup" time="0.0" classname="com.app.akku.work.common.Browser_Setup">
    <skipped/>
  </testcase> <!-- @BeforeMethod setup -->
  <testcase name="@AfterTest teardown" time="0.0" classname="com.app.akku.work.TestCases.AKKU_15_PasswordPolicy">
    <skipped/>
  </testcase> <!-- @AfterTest teardown -->
  <testcase name="AK_15_UpdatePwdpolicybyselectingonlyonePwdComplexity" time="0.001" classname="com.app.akku.work.TestCases.AKKU_15_PasswordPolicy">
    <skipped/>
  </testcase> <!-- AK_15_UpdatePwdpolicybyselectingonlyonePwdComplexity -->
  <testcase name="AK_16_UpdatePwdpolicybyselectingmorethanonePwdComplexity" time="0.0" classname="com.app.akku.work.TestCases.AKKU_15_PasswordPolicy">
    <skipped/>
  </testcase> <!-- AK_16_UpdatePwdpolicybyselectingmorethanonePwdComplexity -->
  <testcase name="AK_17_UpdatePasswordLengthwithinvaliddata" time="0.0" classname="com.app.akku.work.TestCases.AKKU_15_PasswordPolicy">
    <skipped/>
  </testcase> <!-- AK_17_UpdatePasswordLengthwithinvaliddata -->
  <testcase name="AK_18_UpdatePasswordLengthwithvaliddata" time="0.0" classname="com.app.akku.work.TestCases.AKKU_15_PasswordPolicy">
    <skipped/>
  </testcase> <!-- AK_18_UpdatePasswordLengthwithvaliddata -->
  <testcase name="AK_19_VerifyifExpirationofPwdisdisplayedwhenEnablePwdExpiryRadiobtnChecked" time="0.0" classname="com.app.akku.work.TestCases.AKKU_15_PasswordPolicy">
    <skipped/>
  </testcase> <!-- AK_19_VerifyifExpirationofPwdisdisplayedwhenEnablePwdExpiryRadiobtnChecked -->
  <testcase name="AK_20_VerifyifExpirationofPwdishidehenEnablePwdExpiryRadioisunchecked" time="0.0" classname="com.app.akku.work.TestCases.AKKU_15_PasswordPolicy">
    <skipped/>
  </testcase> <!-- AK_20_VerifyifExpirationofPwdishidehenEnablePwdExpiryRadioisunchecked -->
  <testcase name="AK_62_CreatenewparentOUandsetpasswordpolicy" time="0.0" classname="com.app.akku.work.TestCases.AKKU_15_PasswordPolicy">
    <skipped/>
  </testcase> <!-- AK_62_CreatenewparentOUandsetpasswordpolicy -->
  <testcase name="AK_63_CreatenewSubOUandsetpasswordpolicy" time="0.0" classname="com.app.akku.work.TestCases.AKKU_15_PasswordPolicy">
    <skipped/>
  </testcase> <!-- AK_63_CreatenewSubOUandsetpasswordpolicy -->
  <testcase name="AK_64_UpdatepasswordpolicyforparentOU" time="0.0" classname="com.app.akku.work.TestCases.AKKU_15_PasswordPolicy">
    <skipped/>
  </testcase> <!-- AK_64_UpdatepasswordpolicyforparentOU -->
  <testcase name="Ak_65_UpdatepasswordpolicyforChildOU" time="0.0" classname="com.app.akku.work.TestCases.AKKU_15_PasswordPolicy">
    <skipped/>
  </testcase> <!-- Ak_65_UpdatepasswordpolicyforChildOU -->
  <testcase name="Ak_66_VerifyPasswordHelptextdisplaybasedonparentOUPasswordpolicydetails" time="0.0" classname="com.app.akku.work.TestCases.AKKU_15_PasswordPolicy">
    <skipped/>
  </testcase> <!-- Ak_66_VerifyPasswordHelptextdisplaybasedonparentOUPasswordpolicydetails -->
  <testcase name="Ak_67_VerifyPasswordHelptextdisplaybasedonSubOUPasswordpolicydetails" time="0.0" classname="com.app.akku.work.TestCases.AKKU_15_PasswordPolicy">
    <skipped/>
  </testcase> <!-- Ak_67_VerifyPasswordHelptextdisplaybasedonSubOUPasswordpolicydetails -->
  <testcase name="Updateoldpasswordpolicy" time="0.0" classname="com.app.akku.work.TestCases.AKKU_15_PasswordPolicy">
    <skipped/>
  </testcase> <!-- Updateoldpasswordpolicy -->
>>>>>>> 90d437f53722b12c2e941d2a5f361968b3e3fe52
</testsuite> <!-- Default test -->
