<!DOCTYPE html PUBLIC "-//W3C//DTD XHTML 1.1//EN" "http://www.w3.org/TR/xhtml11/DTD/xhtml11.dtd">
<html xmlns="http://www.w3.org/1999/xhtml"><head><title>TestNG Report</title><style type="text/css">table {margin-bottom:10px;border-collapse:collapse;empty-cells:show}th,td {border:1px solid #009;padding:.25em .5em}th {vertical-align:bottom}td {vertical-align:top}table a {font-weight:bold}.stripe td {background-color: #E6EBF9}.num {text-align:right}.passedodd td {background-color: #3F3}.passedeven td {background-color: #0A0}.skippedodd td {background-color: #DDD}.skippedeven td {background-color: #CCC}.failedodd td,.attn {background-color: #F33}.failedeven td,.stripe .attn {background-color: #D00}.stacktrace {white-space:pre;font-family:monospace}.totop {font-size:85%;text-align:center;border-bottom:2px solid #000}</style></head><body><table><tr><th>Test</th><th># Passed</th><th># Skipped</th><th># Failed</th><th>Time (ms)</th><th>Included Groups</th><th>Excluded Groups</th></tr><tr><th colspan="7">AKKU_Sanity</th></tr><tr><td><a href="#t0">Login and logout in Chrome</a></td><td class="num">0</td><td class="num attn">5</td><td class="num attn">5</td><td class="num">141,592</td><td></td><td></td></tr></table><table id='summary'><thead><tr><th>Class</th><th>Method</th><th>Start</th><th>Time (ms)</th></tr></thead><tbody><tr><th colspan="4">AKKU_Sanity</th></tr></tbody><tbody id="t0"><tr><th colspan="4">Login and logout in Chrome &#8212; failed</th></tr><tr class="failedeven"><td rowspan="5">com.app.akku.work.TestCases.AKKU_01_LoginANDlogout</td><td><a href="#m0">AK_01_ValidLogin</a></td><td rowspan="1">1511957537055</td><td rowspan="1">22569</td></tr><tr class="failedeven"><td><a href="#m1">AK_02_LoginWithValidEmailAndInvalidPassword</a></td><td rowspan="1">1511957571124</td><td rowspan="1">10608</td></tr><tr class="failedeven"><td><a href="#m2">AK_03_LoginwithValidUserNameandEmptyPassword</a></td><td rowspan="1">1511957591371</td><td rowspan="1">8904</td></tr><tr class="failedeven"><td><a href="#m3">AK_04_LoginwithinvalidUsernameandinvalidPassword</a></td><td rowspan="1">1511957612406</td><td rowspan="1">10997</td></tr><tr class="failedeven"><td><a href="#m4">AK_05_LoginwithemptyUsernameandValidPassword</a></td><td rowspan="1">1511957634772</td><td rowspan="1">10659</td></tr><tr><th colspan="4">Login and logout in Chrome &#8212; skipped</th></tr><tr class="skippedeven"><td rowspan="5">com.app.akku.work.TestCases.AKKU_01_LoginANDlogout</td><td><a href="#m5">AK_01_ValidLogin</a></td><td rowspan="1">1511957513549</td><td rowspan="1">23340</td></tr><tr class="skippedeven"><td><a href="#m6">AK_02_LoginWithValidEmailAndInvalidPassword</a></td><td rowspan="1">1511957560236</td><td rowspan="1">10779</td></tr><tr class="skippedeven"><td><a href="#m7">AK_03_LoginwithValidUserNameandEmptyPassword</a></td><td rowspan="1">1511957582205</td><td rowspan="1">9069</td></tr><tr class="skippedeven"><td><a href="#m8">AK_04_LoginwithinvalidUsernameandinvalidPassword</a></td><td rowspan="1">1511957600706</td><td rowspan="1">11574</td></tr><tr class="skippedeven"><td><a href="#m9">AK_05_LoginwithemptyUsernameandValidPassword</a></td><td rowspan="1">1511957623843</td><td rowspan="1">10843</td></tr></tbody></table><h2>Login and logout in Chrome</h2><h3 id="m0">com.app.akku.work.TestCases.AKKU_01_LoginANDlogout#AK_01_ValidLogin</h3><table class="result"><tr class="param"><th>Parameter #1</th><th>Parameter #2</th></tr><tr class="param stripe"><td>qa@demo.cloudnowtech.com</td><td>password1</td></tr><tr><th colspan="2">Exception</th></tr><tr><td colspan="2"><div class="stacktrace">testlink.api.java.client.TestLinkAPIException: The required parameter status was not provided by the caller.
	at testlink.api.java.client.TestLinkAPIClient.setParam(TestLinkAPIClient.java:1310)
	at testlink.api.java.client.TestLinkAPIClient.reportTestCaseResult(TestLinkAPIClient.java:281)
	at testlink.api.java.client.TestLinkAPIClient.reportTestCaseResult(TestLinkAPIClient.java:246)
	at testlink.api.java.client.TestLinkAPIClient.reportTestCaseResult(TestLinkAPIClient.java:217)
	at com.app.akku.work.common.TestLinkIntegration.reportResult(TestLinkIntegration.java:16)
	at com.app.akku.work.TestCases.AKKU_01_LoginANDlogout.AK_01_ValidLogin(AKKU_01_LoginANDlogout.java:96)
... Removed 25 stack frames</div></td></tr></table><p class="totop"><a href="#summary">back to summary</a></p><h3 id="m1">com.app.akku.work.TestCases.AKKU_01_LoginANDlogout#AK_02_LoginWithValidEmailAndInvalidPassword</h3><table class="result"><tr class="param"><th>Parameter #1</th><th>Parameter #2</th></tr><tr class="param stripe"><td>qa@demo.cloudnowtech.com</td><td>password987</td></tr><tr><th colspan="2">Exception</th></tr><tr><td colspan="2"><div class="stacktrace">java.lang.AssertionError: null
	at com.app.akku.work.TestCases.AKKU_01_LoginANDlogout.AK_02_LoginWithValidEmailAndInvalidPassword(AKKU_01_LoginANDlogout.java:136)
... Removed 27 stack frames</div></td></tr></table><p class="totop"><a href="#summary">back to summary</a></p><h3 id="m2">com.app.akku.work.TestCases.AKKU_01_LoginANDlogout#AK_03_LoginwithValidUserNameandEmptyPassword</h3><table class="result"><tr class="param"><th>Parameter #1</th><th>Parameter #2</th></tr><tr class="param stripe"><td>qa@demo.cloudnowtech.com</td><td>password1</td></tr><tr><th colspan="2">Exception</th></tr><tr><td colspan="2"><div class="stacktrace">java.lang.AssertionError: expected [com.aventstack.extentreports.ExtentTest@7555b920] but found []
	at com.app.akku.work.pageobjects.LoginPage.Loginpage.inputpassworderrormsgvalidation(Loginpage.java:41)
	at com.app.akku.work.TestCases.AKKU_01_LoginANDlogout.AK_03_LoginwithValidUserNameandEmptyPassword(AKKU_01_LoginANDlogout.java:160)
... Removed 30 stack frames</div></td></tr></table><p class="totop"><a href="#summary">back to summary</a></p><h3 id="m3">com.app.akku.work.TestCases.AKKU_01_LoginANDlogout#AK_04_LoginwithinvalidUsernameandinvalidPassword</h3><table class="result"><tr class="param"><th>Parameter #1</th><th>Parameter #2</th></tr><tr class="param stripe"><td>invalidEmail@demo.cloudnowtech.com</td><td>password</td></tr><tr><th colspan="2">Exception</th></tr><tr><td colspan="2"><div class="stacktrace">java.lang.AssertionError: expected [Invalid Username Or Password] but found [Invalid E-Mail Address]
	at com.app.akku.work.pageobjects.LoginPage.Loginpage.EmailANDPwdErrorValidation(Loginpage.java:66)
	at com.app.akku.work.TestCases.AKKU_01_LoginANDlogout.AK_04_LoginwithinvalidUsernameandinvalidPassword(AKKU_01_LoginANDlogout.java:194)
... Removed 31 stack frames</div></td></tr></table><p class="totop"><a href="#summary">back to summary</a></p><h3 id="m4">com.app.akku.work.TestCases.AKKU_01_LoginANDlogout#AK_05_LoginwithemptyUsernameandValidPassword</h3><table class="result"><tr class="param"><th>Parameter #1</th><th>Parameter #2</th></tr><tr class="param stripe"><td>qa@demo.cloudnowtech.com</td><td>password1</td></tr><tr><th colspan="2">Exception</th></tr><tr><td colspan="2"><div class="stacktrace">java.lang.AssertionError: expected [com.aventstack.extentreports.ExtentTest@4b629f13] but found [A part following &apos;@&apos; should not contain the symbol &apos;@&apos;.]
	at com.app.akku.work.pageobjects.LoginPage.Loginpage.inputemailerrormsgvalidation(Loginpage.java:50)
	at com.app.akku.work.TestCases.AKKU_01_LoginANDlogout.AK_05_LoginwithemptyUsernameandValidPassword(AKKU_01_LoginANDlogout.java:226)
... Removed 30 stack frames</div></td></tr></table><p class="totop"><a href="#summary">back to summary</a></p><h3 id="m5">com.app.akku.work.TestCases.AKKU_01_LoginANDlogout#AK_01_ValidLogin</h3><table class="result"><tr class="param"><th>Parameter #1</th><th>Parameter #2</th></tr><tr class="param stripe"><td>qa@demo.cloudnowtech.com</td><td>password1</td></tr><tr><th colspan="2">Exception</th></tr><tr><td colspan="2"><div class="stacktrace">testlink.api.java.client.TestLinkAPIException: The required parameter status was not provided by the caller.
	at testlink.api.java.client.TestLinkAPIClient.setParam(TestLinkAPIClient.java:1310)
	at testlink.api.java.client.TestLinkAPIClient.reportTestCaseResult(TestLinkAPIClient.java:281)
	at testlink.api.java.client.TestLinkAPIClient.reportTestCaseResult(TestLinkAPIClient.java:246)
	at testlink.api.java.client.TestLinkAPIClient.reportTestCaseResult(TestLinkAPIClient.java:217)
	at com.app.akku.work.common.TestLinkIntegration.reportResult(TestLinkIntegration.java:16)
	at com.app.akku.work.TestCases.AKKU_01_LoginANDlogout.AK_01_ValidLogin(AKKU_01_LoginANDlogout.java:96)
... Removed 25 stack frames</div></td></tr></table><p class="totop"><a href="#summary">back to summary</a></p><h3 id="m6">com.app.akku.work.TestCases.AKKU_01_LoginANDlogout#AK_02_LoginWithValidEmailAndInvalidPassword</h3><table class="result"><tr class="param"><th>Parameter #1</th><th>Parameter #2</th></tr><tr class="param stripe"><td>qa@demo.cloudnowtech.com</td><td>password987</td></tr><tr><th colspan="2">Exception</th></tr><tr><td colspan="2"><div class="stacktrace">java.lang.AssertionError: null
	at com.app.akku.work.TestCases.AKKU_01_LoginANDlogout.AK_02_LoginWithValidEmailAndInvalidPassword(AKKU_01_LoginANDlogout.java:136)
... Removed 27 stack frames</div></td></tr></table><p class="totop"><a href="#summary">back to summary</a></p><h3 id="m7">com.app.akku.work.TestCases.AKKU_01_LoginANDlogout#AK_03_LoginwithValidUserNameandEmptyPassword</h3><table class="result"><tr class="param"><th>Parameter #1</th><th>Parameter #2</th></tr><tr class="param stripe"><td>qa@demo.cloudnowtech.com</td><td>password1</td></tr><tr><th colspan="2">Exception</th></tr><tr><td colspan="2"><div class="stacktrace">java.lang.AssertionError: expected [com.aventstack.extentreports.ExtentTest@3ec11999] but found []
	at com.app.akku.work.pageobjects.LoginPage.Loginpage.inputpassworderrormsgvalidation(Loginpage.java:41)
	at com.app.akku.work.TestCases.AKKU_01_LoginANDlogout.AK_03_LoginwithValidUserNameandEmptyPassword(AKKU_01_LoginANDlogout.java:160)
... Removed 30 stack frames</div></td></tr></table><p class="totop"><a href="#summary">back to summary</a></p><h3 id="m8">com.app.akku.work.TestCases.AKKU_01_LoginANDlogout#AK_04_LoginwithinvalidUsernameandinvalidPassword</h3><table class="result"><tr class="param"><th>Parameter #1</th><th>Parameter #2</th></tr><tr class="param stripe"><td>invalidEmail@demo.cloudnowtech.com</td><td>password</td></tr><tr><th colspan="2">Exception</th></tr><tr><td colspan="2"><div class="stacktrace">java.lang.AssertionError: expected [Invalid Username Or Password] but found [Invalid E-Mail Address]
	at com.app.akku.work.pageobjects.LoginPage.Loginpage.EmailANDPwdErrorValidation(Loginpage.java:66)
	at com.app.akku.work.TestCases.AKKU_01_LoginANDlogout.AK_04_LoginwithinvalidUsernameandinvalidPassword(AKKU_01_LoginANDlogout.java:194)
... Removed 31 stack frames</div></td></tr></table><p class="totop"><a href="#summary">back to summary</a></p><h3 id="m9">com.app.akku.work.TestCases.AKKU_01_LoginANDlogout#AK_05_LoginwithemptyUsernameandValidPassword</h3><table class="result"><tr class="param"><th>Parameter #1</th><th>Parameter #2</th></tr><tr class="param stripe"><td>qa@demo.cloudnowtech.com</td><td>password1</td></tr><tr><th colspan="2">Exception</th></tr><tr><td colspan="2"><div class="stacktrace">java.lang.AssertionError: expected [com.aventstack.extentreports.ExtentTest@7e1a1da6] but found [A part following &apos;@&apos; should not contain the symbol &apos;@&apos;.]
	at com.app.akku.work.pageobjects.LoginPage.Loginpage.inputemailerrormsgvalidation(Loginpage.java:50)
	at com.app.akku.work.TestCases.AKKU_01_LoginANDlogout.AK_05_LoginwithemptyUsernameandValidPassword(AKKU_01_LoginANDlogout.java:226)
... Removed 30 stack frames</div></td></tr></table><p class="totop"><a href="#summary">back to summary</a></p></body></html>