<!DOCTYPE html>

<html>
  <head>
  <meta charset='utf-8'>
  <title>TestNG reports</title>

    <link type="text/css" href="testng-reports.css" rel="stylesheet" />
    <script type="text/javascript" src="jquery-1.7.1.min.js"></script>
    <script type="text/javascript" src="testng-reports.js"></script>
    <script type="text/javascript" src="https://www.google.com/jsapi"></script>
    <script type='text/javascript'>
      google.load('visualization', '1', {packages:['table']});
      google.setOnLoadCallback(drawTable);
      var suiteTableInitFunctions = new Array();
      var suiteTableData = new Array();
    </script>
    <!--
      <script type="text/javascript" src="jquery-ui/js/jquery-ui-1.8.16.custom.min.js"></script>
     -->
  </head>

  <body>
    <div class="top-banner-root">
      <span class="top-banner-title-font">Test results</span>
      <br/>
      <span class="top-banner-font-1">1 suite, 5 failed tests</span>
    </div> <!-- top-banner-root -->
    <div class="navigator-root">
      <div class="navigator-suite-header">
        <span>All suites</span>
        <a href="#" class="collapse-all-link" title="Collapse/expand all the suites">
          <img class="collapse-all-icon" src="collapseall.gif">
          </img> <!-- collapse-all-icon -->
        </a> <!-- collapse-all-link -->
      </div> <!-- navigator-suite-header -->
      <div class="suite">
        <div class="rounded-window">
          <div class="suite-header light-rounded-window-top">
<<<<<<< HEAD
            <a href="#" class="navigator-link" panel-name="suite-AKKU_Sanity">
              <span class="suite-name border-failed">AKKU_Sanity</span>
=======
            <a href="#" class="navigator-link" panel-name="suite-AKKU_TestSuite">
              <span class="suite-name border-passed">AKKU_TestSuite</span>
>>>>>>> 90d437f53722b12c2e941d2a5f361968b3e3fe52
            </a> <!-- navigator-link -->
          </div> <!-- suite-header light-rounded-window-top -->
          <div class="navigator-suite-content">
            <div class="suite-section-title">
              <span>Info</span>
            </div> <!-- suite-section-title -->
            <div class="suite-section-content">
              <ul>
                <li>
                  <a href="#" class="navigator-link " panel-name="test-xml-AKKU_TestSuite">
                    <span>F:\Automation_Workspace\Akku_Master\App_Akku_Work\src\test\resources\suites\PasswordPolicy.xml</span>
                  </a> <!-- navigator-link  -->
                </li>
                <li>
                  <a href="#" class="navigator-link " panel-name="testlist-AKKU_TestSuite">
                    <span class="test-stats">1 test</span>
                  </a> <!-- navigator-link  -->
                </li>
                <li>
                  <a href="#" class="navigator-link " panel-name="group-AKKU_TestSuite">
                    <span>0 groups</span>
                  </a> <!-- navigator-link  -->
                </li>
                <li>
                  <a href="#" class="navigator-link " panel-name="times-AKKU_TestSuite">
                    <span>Times</span>
                  </a> <!-- navigator-link  -->
                </li>
                <li>
                  <a href="#" class="navigator-link " panel-name="reporter-AKKU_TestSuite">
                    <span>Reporter output</span>
                  </a> <!-- navigator-link  -->
                </li>
                <li>
                  <a href="#" class="navigator-link " panel-name="ignored-methods-AKKU_TestSuite">
                    <span>Ignored methods</span>
                  </a> <!-- navigator-link  -->
                </li>
                <li>
                  <a href="#" class="navigator-link " panel-name="chronological-AKKU_TestSuite">
                    <span>Chronological view</span>
                  </a> <!-- navigator-link  -->
                </li>
              </ul>
            </div> <!-- suite-section-content -->
            <div class="result-section">
              <div class="suite-section-title">
                <span>Results</span>
              </div> <!-- suite-section-title -->
              <div class="suite-section-content">
                <ul>
                  <li>
                    <span class="method-stats">10 methods, 5 failed,  5 skipped,  </span>
                  </li>
                  <li>
<<<<<<< HEAD
                    <span class="method-list-title failed">Failed methods</span>
                    <span class="show-or-hide-methods failed">
                      <a href="#" panel-name="suite-AKKU_Sanity" class="hide-methods failed suite-AKKU_Sanity"> (hide)</a> <!-- hide-methods failed suite-AKKU_Sanity -->
                      <a href="#" panel-name="suite-AKKU_Sanity" class="show-methods failed suite-AKKU_Sanity"> (show)</a> <!-- show-methods failed suite-AKKU_Sanity -->
                    </span>
                    <div class="method-list-content failed suite-AKKU_Sanity">
                      <span>
                        <img width="3%" src="failed.png"/>
                        <a href="#" class="method navigator-link" panel-name="suite-AKKU_Sanity" title="com.app.akku.work.TestCases.AKKU_01_LoginANDlogout" hash-for-method="AK_01_ValidLogin(qa@demo.cloudnowtech.com, password1)">AK_01_ValidLogin(qa@demo.cloudnowtech.com, password1)</a> <!-- method navigator-link -->
                      </span>
                      <br/>
                      <span>
                        <img width="3%" src="failed.png"/>
                        <a href="#" class="method navigator-link" panel-name="suite-AKKU_Sanity" title="com.app.akku.work.TestCases.AKKU_01_LoginANDlogout" hash-for-method="AK_02_LoginWithValidEmailAndInvalidPassword(qa@demo.cloudnowtech.com, password987)">AK_02_LoginWithValidEmailAndInvalidPassword(qa@demo.cloudnowtech.com, password987)</a> <!-- method navigator-link -->
                      </span>
                      <br/>
                      <span>
                        <img width="3%" src="failed.png"/>
                        <a href="#" class="method navigator-link" panel-name="suite-AKKU_Sanity" title="com.app.akku.work.TestCases.AKKU_01_LoginANDlogout" hash-for-method="AK_03_LoginwithValidUserNameandEmptyPassword(qa@demo.cloudnowtech.com, password1)">AK_03_LoginwithValidUserNameandEmptyPassword(qa@demo.cloudnowtech.com, password1)</a> <!-- method navigator-link -->
                      </span>
                      <br/>
                      <span>
                        <img width="3%" src="failed.png"/>
                        <a href="#" class="method navigator-link" panel-name="suite-AKKU_Sanity" title="com.app.akku.work.TestCases.AKKU_01_LoginANDlogout" hash-for-method="AK_04_LoginwithinvalidUsernameandinvalidPassword(invalidEmail@demo.cloudnowtech.com, password)">AK_04_LoginwithinvalidUsernameandinvalidPassword(invalidEmail@demo.cloudnowtech.com, password)</a> <!-- method navigator-link -->
                      </span>
                      <br/>
                      <span>
                        <img width="3%" src="failed.png"/>
                        <a href="#" class="method navigator-link" panel-name="suite-AKKU_Sanity" title="com.app.akku.work.TestCases.AKKU_01_LoginANDlogout" hash-for-method="AK_05_LoginwithemptyUsernameandValidPassword(qa@demo.cloudnowtech.com, password1)">AK_05_LoginwithemptyUsernameandValidPassword(qa@demo.cloudnowtech.com, password1)</a> <!-- method navigator-link -->
                      </span>
                      <br/>
                    </div> <!-- method-list-content failed suite-AKKU_Sanity -->
                  </li>
                  <li>
                    <span class="method-list-title skipped">Skipped methods</span>
                    <span class="show-or-hide-methods skipped">
                      <a href="#" panel-name="suite-AKKU_Sanity" class="hide-methods skipped suite-AKKU_Sanity"> (hide)</a> <!-- hide-methods skipped suite-AKKU_Sanity -->
                      <a href="#" panel-name="suite-AKKU_Sanity" class="show-methods skipped suite-AKKU_Sanity"> (show)</a> <!-- show-methods skipped suite-AKKU_Sanity -->
                    </span>
                    <div class="method-list-content skipped suite-AKKU_Sanity">
                      <span>
                        <img width="3%" src="skipped.png"/>
                        <a href="#" class="method navigator-link" panel-name="suite-AKKU_Sanity" title="com.app.akku.work.TestCases.AKKU_01_LoginANDlogout" hash-for-method="AK_01_ValidLogin(qa@demo.cloudnowtech.com, password1)">AK_01_ValidLogin(qa@demo.cloudnowtech.com, password1)</a> <!-- method navigator-link -->
                      </span>
                      <br/>
                      <span>
                        <img width="3%" src="skipped.png"/>
                        <a href="#" class="method navigator-link" panel-name="suite-AKKU_Sanity" title="com.app.akku.work.TestCases.AKKU_01_LoginANDlogout" hash-for-method="AK_02_LoginWithValidEmailAndInvalidPassword(qa@demo.cloudnowtech.com, password987)">AK_02_LoginWithValidEmailAndInvalidPassword(qa@demo.cloudnowtech.com, password987)</a> <!-- method navigator-link -->
                      </span>
                      <br/>
                      <span>
                        <img width="3%" src="skipped.png"/>
                        <a href="#" class="method navigator-link" panel-name="suite-AKKU_Sanity" title="com.app.akku.work.TestCases.AKKU_01_LoginANDlogout" hash-for-method="AK_03_LoginwithValidUserNameandEmptyPassword(qa@demo.cloudnowtech.com, password1)">AK_03_LoginwithValidUserNameandEmptyPassword(qa@demo.cloudnowtech.com, password1)</a> <!-- method navigator-link -->
                      </span>
                      <br/>
                      <span>
                        <img width="3%" src="skipped.png"/>
                        <a href="#" class="method navigator-link" panel-name="suite-AKKU_Sanity" title="com.app.akku.work.TestCases.AKKU_01_LoginANDlogout" hash-for-method="AK_04_LoginwithinvalidUsernameandinvalidPassword(invalidEmail@demo.cloudnowtech.com, password)">AK_04_LoginwithinvalidUsernameandinvalidPassword(invalidEmail@demo.cloudnowtech.com, password)</a> <!-- method navigator-link -->
                      </span>
                      <br/>
                      <span>
                        <img width="3%" src="skipped.png"/>
                        <a href="#" class="method navigator-link" panel-name="suite-AKKU_Sanity" title="com.app.akku.work.TestCases.AKKU_01_LoginANDlogout" hash-for-method="AK_05_LoginwithemptyUsernameandValidPassword(qa@demo.cloudnowtech.com, password1)">AK_05_LoginwithemptyUsernameandValidPassword(qa@demo.cloudnowtech.com, password1)</a> <!-- method navigator-link -->
                      </span>
                      <br/>
                    </div> <!-- method-list-content skipped suite-AKKU_Sanity -->
=======
                    <span class="method-list-title passed">Passed methods</span>
                    <span class="show-or-hide-methods passed">
                      <a href="#" panel-name="suite-AKKU_TestSuite" class="hide-methods passed suite-AKKU_TestSuite"> (hide)</a> <!-- hide-methods passed suite-AKKU_TestSuite -->
                      <a href="#" panel-name="suite-AKKU_TestSuite" class="show-methods passed suite-AKKU_TestSuite"> (show)</a> <!-- show-methods passed suite-AKKU_TestSuite -->
                    </span>
                    <div class="method-list-content passed suite-AKKU_TestSuite">
                      <span>
                        <img width="3%" src="passed.png"/>
                        <a href="#" class="method navigator-link" panel-name="suite-AKKU_TestSuite" title="com.app.akku.work.TestCases.AKKU_15_PasswordPolicy" hash-for-method="AK_64_UpdatepasswordpolicyforparentOU(qa@demo.cloudnowtech.com, password1, ChildOU, DemoFN)">AK_64_UpdatepasswordpolicyforparentOU(qa@demo.cloudnowtech.com, password1, ChildOU, DemoFN)</a> <!-- method navigator-link -->
                      </span>
                      <br/>
                    </div> <!-- method-list-content passed suite-AKKU_TestSuite -->
>>>>>>> 90d437f53722b12c2e941d2a5f361968b3e3fe52
                  </li>
                </ul>
              </div> <!-- suite-section-content -->
            </div> <!-- result-section -->
          </div> <!-- navigator-suite-content -->
        </div> <!-- rounded-window -->
      </div> <!-- suite -->
    </div> <!-- navigator-root -->
    <div class="wrapper">
      <div class="main-panel-root">
<<<<<<< HEAD
        <div panel-name="suite-AKKU_Sanity" class="panel AKKU_Sanity">
          <div class="suite-AKKU_Sanity-class-failed">
            <div class="main-panel-header rounded-window-top">
              <img src="failed.png"/>
              <span class="class-name">com.app.akku.work.TestCases.AKKU_01_LoginANDlogout</span>
=======
        <div panel-name="suite-AKKU_TestSuite" class="panel AKKU_TestSuite">
          <div class="suite-AKKU_TestSuite-class-passed">
            <div class="main-panel-header rounded-window-top">
              <img src="passed.png"/>
              <span class="class-name">com.app.akku.work.TestCases.AKKU_15_PasswordPolicy</span>
>>>>>>> 90d437f53722b12c2e941d2a5f361968b3e3fe52
            </div> <!-- main-panel-header rounded-window-top -->
            <div class="main-panel-content rounded-window-bottom">
              <div class="method">
                <div class="method-content">
<<<<<<< HEAD
                  <a name="AK_01_ValidLogin(qa@demo.cloudnowtech.com, password1)">
                  </a> <!-- AK_01_ValidLogin(qa@demo.cloudnowtech.com, password1) -->
                  <span class="method-name">AK_01_ValidLogin</span>
                  <span class="parameters">(qa@demo.cloudnowtech.com, password1)</span>
                  <div class="stack-trace">testlink.api.java.client.TestLinkAPIException: The required parameter status was not provided by the caller.
	at testlink.api.java.client.TestLinkAPIClient.setParam(TestLinkAPIClient.java:1310)
	at testlink.api.java.client.TestLinkAPIClient.reportTestCaseResult(TestLinkAPIClient.java:281)
	at testlink.api.java.client.TestLinkAPIClient.reportTestCaseResult(TestLinkAPIClient.java:246)
	at testlink.api.java.client.TestLinkAPIClient.reportTestCaseResult(TestLinkAPIClient.java:217)
	at com.app.akku.work.common.TestLinkIntegration.reportResult(TestLinkIntegration.java:16)
	at com.app.akku.work.TestCases.AKKU_01_LoginANDlogout.AK_01_ValidLogin(AKKU_01_LoginANDlogout.java:96)
... Removed 25 stack frames
</div> <!-- stack-trace -->
                </div> <!-- method-content -->
              </div> <!-- method -->
              <div class="method">
                <div class="method-content">
                  <a name="AK_02_LoginWithValidEmailAndInvalidPassword(qa@demo.cloudnowtech.com, password987)">
                  </a> <!-- AK_02_LoginWithValidEmailAndInvalidPassword(qa@demo.cloudnowtech.com, password987) -->
                  <span class="method-name">AK_02_LoginWithValidEmailAndInvalidPassword</span>
                  <span class="parameters">(qa@demo.cloudnowtech.com, password987)</span>
                  <div class="stack-trace">java.lang.AssertionError: null
	at com.app.akku.work.TestCases.AKKU_01_LoginANDlogout.AK_02_LoginWithValidEmailAndInvalidPassword(AKKU_01_LoginANDlogout.java:136)
... Removed 27 stack frames
</div> <!-- stack-trace -->
                </div> <!-- method-content -->
              </div> <!-- method -->
              <div class="method">
                <div class="method-content">
                  <a name="AK_03_LoginwithValidUserNameandEmptyPassword(qa@demo.cloudnowtech.com, password1)">
                  </a> <!-- AK_03_LoginwithValidUserNameandEmptyPassword(qa@demo.cloudnowtech.com, password1) -->
                  <span class="method-name">AK_03_LoginwithValidUserNameandEmptyPassword</span>
                  <span class="parameters">(qa@demo.cloudnowtech.com, password1)</span>
                  <div class="stack-trace">java.lang.AssertionError: expected [com.aventstack.extentreports.ExtentTest@7555b920] but found []
	at com.app.akku.work.pageobjects.LoginPage.Loginpage.inputpassworderrormsgvalidation(Loginpage.java:41)
	at com.app.akku.work.TestCases.AKKU_01_LoginANDlogout.AK_03_LoginwithValidUserNameandEmptyPassword(AKKU_01_LoginANDlogout.java:160)
... Removed 30 stack frames
</div> <!-- stack-trace -->
                </div> <!-- method-content -->
              </div> <!-- method -->
              <div class="method">
                <div class="method-content">
                  <a name="AK_04_LoginwithinvalidUsernameandinvalidPassword(invalidEmail@demo.cloudnowtech.com, password)">
                  </a> <!-- AK_04_LoginwithinvalidUsernameandinvalidPassword(invalidEmail@demo.cloudnowtech.com, password) -->
                  <span class="method-name">AK_04_LoginwithinvalidUsernameandinvalidPassword</span>
                  <span class="parameters">(invalidEmail@demo.cloudnowtech.com, password)</span>
                  <div class="stack-trace">java.lang.AssertionError: expected [Invalid Username Or Password] but found [Invalid E-Mail Address]
	at com.app.akku.work.pageobjects.LoginPage.Loginpage.EmailANDPwdErrorValidation(Loginpage.java:66)
	at com.app.akku.work.TestCases.AKKU_01_LoginANDlogout.AK_04_LoginwithinvalidUsernameandinvalidPassword(AKKU_01_LoginANDlogout.java:194)
... Removed 31 stack frames
</div> <!-- stack-trace -->
                </div> <!-- method-content -->
              </div> <!-- method -->
              <div class="method">
                <div class="method-content">
                  <a name="AK_05_LoginwithemptyUsernameandValidPassword(qa@demo.cloudnowtech.com, password1)">
                  </a> <!-- AK_05_LoginwithemptyUsernameandValidPassword(qa@demo.cloudnowtech.com, password1) -->
                  <span class="method-name">AK_05_LoginwithemptyUsernameandValidPassword</span>
                  <span class="parameters">(qa@demo.cloudnowtech.com, password1)</span>
                  <div class="stack-trace">java.lang.AssertionError: expected [com.aventstack.extentreports.ExtentTest@4b629f13] but found [A part following &apos;@&apos; should not contain the symbol &apos;@&apos;.]
	at com.app.akku.work.pageobjects.LoginPage.Loginpage.inputemailerrormsgvalidation(Loginpage.java:50)
	at com.app.akku.work.TestCases.AKKU_01_LoginANDlogout.AK_05_LoginwithemptyUsernameandValidPassword(AKKU_01_LoginANDlogout.java:226)
... Removed 30 stack frames
</div> <!-- stack-trace -->
                </div> <!-- method-content -->
              </div> <!-- method -->
            </div> <!-- main-panel-content rounded-window-bottom -->
          </div> <!-- suite-AKKU_Sanity-class-failed -->
          <div class="suite-AKKU_Sanity-class-skipped">
            <div class="main-panel-header rounded-window-top">
              <img src="skipped.png"/>
              <span class="class-name">com.app.akku.work.TestCases.AKKU_01_LoginANDlogout</span>
            </div> <!-- main-panel-header rounded-window-top -->
            <div class="main-panel-content rounded-window-bottom">
              <div class="method">
                <div class="method-content">
                  <a name="AK_01_ValidLogin(qa@demo.cloudnowtech.com, password1)">
                  </a> <!-- AK_01_ValidLogin(qa@demo.cloudnowtech.com, password1) -->
                  <span class="method-name">AK_01_ValidLogin</span>
                  <span class="parameters">(qa@demo.cloudnowtech.com, password1)</span>
                  <div class="stack-trace">testlink.api.java.client.TestLinkAPIException: The required parameter status was not provided by the caller.
	at testlink.api.java.client.TestLinkAPIClient.setParam(TestLinkAPIClient.java:1310)
	at testlink.api.java.client.TestLinkAPIClient.reportTestCaseResult(TestLinkAPIClient.java:281)
	at testlink.api.java.client.TestLinkAPIClient.reportTestCaseResult(TestLinkAPIClient.java:246)
	at testlink.api.java.client.TestLinkAPIClient.reportTestCaseResult(TestLinkAPIClient.java:217)
	at com.app.akku.work.common.TestLinkIntegration.reportResult(TestLinkIntegration.java:16)
	at com.app.akku.work.TestCases.AKKU_01_LoginANDlogout.AK_01_ValidLogin(AKKU_01_LoginANDlogout.java:96)
... Removed 25 stack frames
</div> <!-- stack-trace -->
                </div> <!-- method-content -->
              </div> <!-- method -->
              <div class="method">
                <div class="method-content">
                  <a name="AK_02_LoginWithValidEmailAndInvalidPassword(qa@demo.cloudnowtech.com, password987)">
                  </a> <!-- AK_02_LoginWithValidEmailAndInvalidPassword(qa@demo.cloudnowtech.com, password987) -->
                  <span class="method-name">AK_02_LoginWithValidEmailAndInvalidPassword</span>
                  <span class="parameters">(qa@demo.cloudnowtech.com, password987)</span>
                  <div class="stack-trace">java.lang.AssertionError: null
	at com.app.akku.work.TestCases.AKKU_01_LoginANDlogout.AK_02_LoginWithValidEmailAndInvalidPassword(AKKU_01_LoginANDlogout.java:136)
... Removed 27 stack frames
</div> <!-- stack-trace -->
                </div> <!-- method-content -->
              </div> <!-- method -->
              <div class="method">
                <div class="method-content">
                  <a name="AK_03_LoginwithValidUserNameandEmptyPassword(qa@demo.cloudnowtech.com, password1)">
                  </a> <!-- AK_03_LoginwithValidUserNameandEmptyPassword(qa@demo.cloudnowtech.com, password1) -->
                  <span class="method-name">AK_03_LoginwithValidUserNameandEmptyPassword</span>
                  <span class="parameters">(qa@demo.cloudnowtech.com, password1)</span>
                  <div class="stack-trace">java.lang.AssertionError: expected [com.aventstack.extentreports.ExtentTest@3ec11999] but found []
	at com.app.akku.work.pageobjects.LoginPage.Loginpage.inputpassworderrormsgvalidation(Loginpage.java:41)
	at com.app.akku.work.TestCases.AKKU_01_LoginANDlogout.AK_03_LoginwithValidUserNameandEmptyPassword(AKKU_01_LoginANDlogout.java:160)
... Removed 30 stack frames
</div> <!-- stack-trace -->
                </div> <!-- method-content -->
              </div> <!-- method -->
              <div class="method">
                <div class="method-content">
                  <a name="AK_04_LoginwithinvalidUsernameandinvalidPassword(invalidEmail@demo.cloudnowtech.com, password)">
                  </a> <!-- AK_04_LoginwithinvalidUsernameandinvalidPassword(invalidEmail@demo.cloudnowtech.com, password) -->
                  <span class="method-name">AK_04_LoginwithinvalidUsernameandinvalidPassword</span>
                  <span class="parameters">(invalidEmail@demo.cloudnowtech.com, password)</span>
                  <div class="stack-trace">java.lang.AssertionError: expected [Invalid Username Or Password] but found [Invalid E-Mail Address]
	at com.app.akku.work.pageobjects.LoginPage.Loginpage.EmailANDPwdErrorValidation(Loginpage.java:66)
	at com.app.akku.work.TestCases.AKKU_01_LoginANDlogout.AK_04_LoginwithinvalidUsernameandinvalidPassword(AKKU_01_LoginANDlogout.java:194)
... Removed 31 stack frames
</div> <!-- stack-trace -->
                </div> <!-- method-content -->
              </div> <!-- method -->
              <div class="method">
                <div class="method-content">
                  <a name="AK_05_LoginwithemptyUsernameandValidPassword(qa@demo.cloudnowtech.com, password1)">
                  </a> <!-- AK_05_LoginwithemptyUsernameandValidPassword(qa@demo.cloudnowtech.com, password1) -->
                  <span class="method-name">AK_05_LoginwithemptyUsernameandValidPassword</span>
                  <span class="parameters">(qa@demo.cloudnowtech.com, password1)</span>
                  <div class="stack-trace">java.lang.AssertionError: expected [com.aventstack.extentreports.ExtentTest@7e1a1da6] but found [A part following &apos;@&apos; should not contain the symbol &apos;@&apos;.]
	at com.app.akku.work.pageobjects.LoginPage.Loginpage.inputemailerrormsgvalidation(Loginpage.java:50)
	at com.app.akku.work.TestCases.AKKU_01_LoginANDlogout.AK_05_LoginwithemptyUsernameandValidPassword(AKKU_01_LoginANDlogout.java:226)
... Removed 30 stack frames
</div> <!-- stack-trace -->
                </div> <!-- method-content -->
              </div> <!-- method -->
            </div> <!-- main-panel-content rounded-window-bottom -->
          </div> <!-- suite-AKKU_Sanity-class-skipped -->
        </div> <!-- panel AKKU_Sanity -->
        <div panel-name="test-xml-AKKU_Sanity" class="panel">
=======
                  <a name="AK_64_UpdatepasswordpolicyforparentOU(qa@demo.cloudnowtech.com, password1, ChildOU, DemoFN)">
                  </a> <!-- AK_64_UpdatepasswordpolicyforparentOU(qa@demo.cloudnowtech.com, password1, ChildOU, DemoFN) -->
                  <span class="method-name">AK_64_UpdatepasswordpolicyforparentOU</span>
                  <span class="parameters">(qa@demo.cloudnowtech.com, password1, ChildOU, DemoFN)</span>
                </div> <!-- method-content -->
              </div> <!-- method -->
            </div> <!-- main-panel-content rounded-window-bottom -->
          </div> <!-- suite-AKKU_TestSuite-class-passed -->
        </div> <!-- panel AKKU_TestSuite -->
        <div panel-name="test-xml-AKKU_TestSuite" class="panel">
>>>>>>> 90d437f53722b12c2e941d2a5f361968b3e3fe52
          <div class="main-panel-header rounded-window-top">
            <span class="header-content">F:\Automation_Workspace\Akku_Master\App_Akku_Work\src\test\resources\suites\PasswordPolicy.xml</span>
          </div> <!-- main-panel-header rounded-window-top -->
          <div class="main-panel-content rounded-window-bottom">
            <pre>
&lt;?xml version=&quot;1.0&quot; encoding=&quot;UTF-8&quot;?&gt;
&lt;!DOCTYPE suite SYSTEM &quot;http://testng.org/testng-1.0.dtd&quot;&gt;
&lt;suite guice-stage=&quot;DEVELOPMENT&quot; name=&quot;AKKU_TestSuite&quot;&gt;
  &lt;test name=&quot;Password Policy Test&quot;&gt;
    &lt;parameter name=&quot;browser&quot; value=&quot;W_chrome&quot;/&gt;
    &lt;parameter name=&quot;Environment&quot; value=&quot;http://pre-prod.akku.work/&quot;/&gt;
    &lt;classes&gt;
      &lt;class name=&quot;com.app.akku.work.TestCases.AKKU_15_PasswordPolicy&quot;&gt;
        &lt;methods&gt;
<<<<<<< HEAD
          &lt;include name=&quot;AK_01_ValidLogin&quot;/&gt;
          &lt;include name=&quot;AK_02_LoginWithValidEmailAndInvalidPassword&quot;/&gt;
          &lt;include name=&quot;AK_03_LoginwithValidUserNameandEmptyPassword&quot;/&gt;
          &lt;include name=&quot;AK_04_LoginwithinvalidUsernameandinvalidPassword&quot;/&gt;
          &lt;include name=&quot;AK_05_LoginwithemptyUsernameandValidPassword&quot;/&gt;
=======
          &lt;include name=&quot;AK_64_UpdatepasswordpolicyforparentOU&quot;/&gt;
>>>>>>> 90d437f53722b12c2e941d2a5f361968b3e3fe52
        &lt;/methods&gt;
      &lt;/class&gt; &lt;!-- com.app.akku.work.TestCases.AKKU_15_PasswordPolicy --&gt;
    &lt;/classes&gt;
  &lt;/test&gt; &lt;!-- Password Policy Test --&gt;
&lt;/suite&gt; &lt;!-- AKKU_TestSuite --&gt;
            </pre>
          </div> <!-- main-panel-content rounded-window-bottom -->
        </div> <!-- panel -->
        <div panel-name="testlist-AKKU_TestSuite" class="panel">
          <div class="main-panel-header rounded-window-top">
            <span class="header-content">Tests for AKKU_TestSuite</span>
          </div> <!-- main-panel-header rounded-window-top -->
          <div class="main-panel-content rounded-window-bottom">
            <ul>
              <li>
                <span class="test-name">Password Policy Test (1 class)</span>
              </li>
            </ul>
          </div> <!-- main-panel-content rounded-window-bottom -->
        </div> <!-- panel -->
        <div panel-name="group-AKKU_TestSuite" class="panel">
          <div class="main-panel-header rounded-window-top">
            <span class="header-content">Groups for AKKU_TestSuite</span>
          </div> <!-- main-panel-header rounded-window-top -->
          <div class="main-panel-content rounded-window-bottom">
          </div> <!-- main-panel-content rounded-window-bottom -->
        </div> <!-- panel -->
        <div panel-name="times-AKKU_TestSuite" class="panel">
          <div class="main-panel-header rounded-window-top">
            <span class="header-content">Times for AKKU_TestSuite</span>
          </div> <!-- main-panel-header rounded-window-top -->
          <div class="main-panel-content rounded-window-bottom">
            <div class="times-div">
              <script type="text/javascript">
suiteTableInitFunctions.push('tableData_AKKU_TestSuite');
function tableData_AKKU_TestSuite() {
var data = new google.visualization.DataTable();
data.addColumn('number', 'Number');
data.addColumn('string', 'Method');
data.addColumn('string', 'Class');
data.addColumn('number', 'Time (ms)');
data.addRows(10);
data.setCell(0, 0, 0)
<<<<<<< HEAD
data.setCell(0, 1, 'AK_01_ValidLogin')
data.setCell(0, 2, 'com.app.akku.work.TestCases.AKKU_01_LoginANDlogout')
data.setCell(0, 3, 23340);
data.setCell(1, 0, 1)
data.setCell(1, 1, 'AK_01_ValidLogin')
data.setCell(1, 2, 'com.app.akku.work.TestCases.AKKU_01_LoginANDlogout')
data.setCell(1, 3, 22569);
data.setCell(2, 0, 2)
data.setCell(2, 1, 'AK_04_LoginwithinvalidUsernameandinvalidPassword')
data.setCell(2, 2, 'com.app.akku.work.TestCases.AKKU_01_LoginANDlogout')
data.setCell(2, 3, 11574);
data.setCell(3, 0, 3)
data.setCell(3, 1, 'AK_04_LoginwithinvalidUsernameandinvalidPassword')
data.setCell(3, 2, 'com.app.akku.work.TestCases.AKKU_01_LoginANDlogout')
data.setCell(3, 3, 10997);
data.setCell(4, 0, 4)
data.setCell(4, 1, 'AK_05_LoginwithemptyUsernameandValidPassword')
data.setCell(4, 2, 'com.app.akku.work.TestCases.AKKU_01_LoginANDlogout')
data.setCell(4, 3, 10843);
data.setCell(5, 0, 5)
data.setCell(5, 1, 'AK_02_LoginWithValidEmailAndInvalidPassword')
data.setCell(5, 2, 'com.app.akku.work.TestCases.AKKU_01_LoginANDlogout')
data.setCell(5, 3, 10779);
data.setCell(6, 0, 6)
data.setCell(6, 1, 'AK_05_LoginwithemptyUsernameandValidPassword')
data.setCell(6, 2, 'com.app.akku.work.TestCases.AKKU_01_LoginANDlogout')
data.setCell(6, 3, 10659);
data.setCell(7, 0, 7)
data.setCell(7, 1, 'AK_02_LoginWithValidEmailAndInvalidPassword')
data.setCell(7, 2, 'com.app.akku.work.TestCases.AKKU_01_LoginANDlogout')
data.setCell(7, 3, 10608);
data.setCell(8, 0, 8)
data.setCell(8, 1, 'AK_03_LoginwithValidUserNameandEmptyPassword')
data.setCell(8, 2, 'com.app.akku.work.TestCases.AKKU_01_LoginANDlogout')
data.setCell(8, 3, 9069);
data.setCell(9, 0, 9)
data.setCell(9, 1, 'AK_03_LoginwithValidUserNameandEmptyPassword')
data.setCell(9, 2, 'com.app.akku.work.TestCases.AKKU_01_LoginANDlogout')
data.setCell(9, 3, 8904);
window.suiteTableData['AKKU_Sanity']= { tableData: data, tableDiv: 'times-div-AKKU_Sanity'}
return data;
}
              </script>
              <span class="suite-total-time">Total running time: 2 minutes</span>
              <div id="times-div-AKKU_Sanity">
              </div> <!-- times-div-AKKU_Sanity -->
=======
data.setCell(0, 1, 'AK_64_UpdatepasswordpolicyforparentOU')
data.setCell(0, 2, 'com.app.akku.work.TestCases.AKKU_15_PasswordPolicy')
data.setCell(0, 3, 56267);
window.suiteTableData['AKKU_TestSuite']= { tableData: data, tableDiv: 'times-div-AKKU_TestSuite'}
return data;
}
              </script>
              <span class="suite-total-time">Total running time: 56 seconds</span>
              <div id="times-div-AKKU_TestSuite">
              </div> <!-- times-div-AKKU_TestSuite -->
>>>>>>> 90d437f53722b12c2e941d2a5f361968b3e3fe52
            </div> <!-- times-div -->
          </div> <!-- main-panel-content rounded-window-bottom -->
        </div> <!-- panel -->
        <div panel-name="reporter-AKKU_TestSuite" class="panel">
          <div class="main-panel-header rounded-window-top">
            <span class="header-content">Reporter output for AKKU_TestSuite</span>
          </div> <!-- main-panel-header rounded-window-top -->
          <div class="main-panel-content rounded-window-bottom">
          </div> <!-- main-panel-content rounded-window-bottom -->
        </div> <!-- panel -->
        <div panel-name="ignored-methods-AKKU_TestSuite" class="panel">
          <div class="main-panel-header rounded-window-top">
<<<<<<< HEAD
            <span class="header-content">0 ignored methods</span>
          </div> <!-- main-panel-header rounded-window-top -->
          <div class="main-panel-content rounded-window-bottom">
=======
            <span class="header-content">12 ignored methods</span>
          </div> <!-- main-panel-header rounded-window-top -->
          <div class="main-panel-content rounded-window-bottom">
            <div class="ignored-class-div">
              <span class="ignored-class-name">com.app.akku.work.TestCases.AKKU_15_PasswordPolicy</span>
              <div class="ignored-methods-div">
                <span class="ignored-method-name">AK_18_UpdatePasswordLengthwithvaliddata</span>
                <br/>
                <span class="ignored-method-name">Ak_65_UpdatepasswordpolicyforChildOU</span>
                <br/>
                <span class="ignored-method-name">AK_19_VerifyifExpirationofPwdisdisplayedwhenEnablePwdExpiryRadiobtnChecked</span>
                <br/>
                <span class="ignored-method-name">AK_63_CreatenewSubOUandsetpasswordpolicy</span>
                <br/>
                <span class="ignored-method-name">Ak_66_VerifyPasswordHelptextdisplaybasedonparentOUPasswordpolicydetails</span>
                <br/>
                <span class="ignored-method-name">AK_15_UpdatePwdpolicybyselectingonlyonePwdComplexity</span>
                <br/>
                <span class="ignored-method-name">Ak_67_VerifyPasswordHelptextdisplaybasedonSubOUPasswordpolicydetails</span>
                <br/>
                <span class="ignored-method-name">AK_16_UpdatePwdpolicybyselectingmorethanonePwdComplexity</span>
                <br/>
                <span class="ignored-method-name">AK_62_CreatenewparentOUandsetpasswordpolicy</span>
                <br/>
                <span class="ignored-method-name">Updateoldpasswordpolicy</span>
                <br/>
                <span class="ignored-method-name">AK_20_VerifyifExpirationofPwdishidehenEnablePwdExpiryRadioisunchecked</span>
                <br/>
                <span class="ignored-method-name">AK_17_UpdatePasswordLengthwithinvaliddata</span>
                <br/>
              </div> <!-- ignored-methods-div -->
            </div> <!-- ignored-class-div -->
>>>>>>> 90d437f53722b12c2e941d2a5f361968b3e3fe52
          </div> <!-- main-panel-content rounded-window-bottom -->
        </div> <!-- panel -->
        <div panel-name="chronological-AKKU_TestSuite" class="panel">
          <div class="main-panel-header rounded-window-top">
            <span class="header-content">Methods in chronological order</span>
          </div> <!-- main-panel-header rounded-window-top -->
          <div class="main-panel-content rounded-window-bottom">
            <div class="chronological-class">
<<<<<<< HEAD
              <div class="chronological-class-name">com.app.akku.work.TestCases.AKKU_01_LoginANDlogout</div> <!-- chronological-class-name -->
              <div class="configuration-suite before">
                <span class="method-name">setUp</span>
=======
              <div class="chronological-class-name">com.app.akku.work.TestCases.AKKU_15_PasswordPolicy</div> <!-- chronological-class-name -->
              <div class="configuration-method before">
                <span class="method-name">setup(http://pre-prod.akku.work/, W_chrome)</span>
>>>>>>> 90d437f53722b12c2e941d2a5f361968b3e3fe52
                <span class="method-start">0 ms</span>
              </div> <!-- configuration-suite before -->
              <div class="configuration-test before">
                <span class="method-name">setup(http://pre-prod.akku.work/, W_chrome)</span>
                <span class="method-start">159 ms</span>
              </div> <!-- configuration-test before -->
              <div class="test-method">
<<<<<<< HEAD
                <span class="method-name">AK_01_ValidLogin(qa@demo.cloudnowtech.com, password1)</span>
                <span class="method-start">8295 ms</span>
              </div> <!-- test-method -->
              <div class="configuration-method after">
                <span class="method-name">tearDown([TestResult name=AK_01_ValidLogin status=SKIP method=AKKU_01_LoginANDlogout.AK_01_ValidLogin(java.la...)</span>
                <span class="method-start">31637 ms</span>
              </div> <!-- configuration-method after -->
              <div class="test-method">
                <img src="failed.png">
                </img>
                <span class="method-name">AK_01_ValidLogin(qa@demo.cloudnowtech.com, password1)</span>
                <span class="method-start">31801 ms</span>
              </div> <!-- test-method -->
              <div class="configuration-method after">
                <span class="method-name">tearDown([TestResult name=AK_01_ValidLogin status=FAILURE method=AKKU_01_LoginANDlogout.AK_01_ValidLogin(java...)</span>
                <span class="method-start">54372 ms</span>
              </div> <!-- configuration-method after -->
              <div class="test-method">
                <span class="method-name">AK_02_LoginWithValidEmailAndInvalidPassword(qa@demo.cloudnowtech.com, password987)</span>
                <span class="method-start">54982 ms</span>
              </div> <!-- test-method -->
              <div class="configuration-method after">
                <span class="method-name">tearDown([TestResult name=AK_02_LoginWithValidEmailAndInvalidPassword status=SKIP method=AKKU_01_LoginANDlogo...)</span>
                <span class="method-start">65762 ms</span>
              </div> <!-- configuration-method after -->
              <div class="test-method">
                <img src="failed.png">
                </img>
                <span class="method-name">AK_02_LoginWithValidEmailAndInvalidPassword(qa@demo.cloudnowtech.com, password987)</span>
                <span class="method-start">65870 ms</span>
              </div> <!-- test-method -->
              <div class="configuration-method after">
                <span class="method-name">tearDown([TestResult name=AK_02_LoginWithValidEmailAndInvalidPassword status=FAILURE method=AKKU_01_LoginANDl...)</span>
                <span class="method-start">76480 ms</span>
              </div> <!-- configuration-method after -->
              <div class="test-method">
                <span class="method-name">AK_03_LoginwithValidUserNameandEmptyPassword(qa@demo.cloudnowtech.com, password1)</span>
                <span class="method-start">76951 ms</span>
              </div> <!-- test-method -->
              <div class="configuration-method after">
                <span class="method-name">tearDown([TestResult name=AK_03_LoginwithValidUserNameandEmptyPassword status=SKIP method=AKKU_01_LoginANDlog...)</span>
                <span class="method-start">86022 ms</span>
              </div> <!-- configuration-method after -->
              <div class="test-method">
                <img src="failed.png">
                </img>
                <span class="method-name">AK_03_LoginwithValidUserNameandEmptyPassword(qa@demo.cloudnowtech.com, password1)</span>
                <span class="method-start">86117 ms</span>
              </div> <!-- test-method -->
              <div class="configuration-method after">
                <span class="method-name">tearDown([TestResult name=AK_03_LoginwithValidUserNameandEmptyPassword status=FAILURE method=AKKU_01_LoginAND...)</span>
                <span class="method-start">95023 ms</span>
              </div> <!-- configuration-method after -->
              <div class="test-method">
                <span class="method-name">AK_04_LoginwithinvalidUsernameandinvalidPassword(invalidEmail@demo.cloudnowtech.com, password)</span>
                <span class="method-start">95452 ms</span>
              </div> <!-- test-method -->
              <div class="configuration-method after">
                <span class="method-name">tearDown([TestResult name=AK_04_LoginwithinvalidUsernameandinvalidPassword status=SKIP method=AKKU_01_LoginAN...)</span>
                <span class="method-start">107032 ms</span>
              </div> <!-- configuration-method after -->
              <div class="test-method">
                <img src="failed.png">
                </img>
                <span class="method-name">AK_04_LoginwithinvalidUsernameandinvalidPassword(invalidEmail@demo.cloudnowtech.com, password)</span>
                <span class="method-start">107152 ms</span>
              </div> <!-- test-method -->
              <div class="configuration-method after">
                <span class="method-name">tearDown([TestResult name=AK_04_LoginwithinvalidUsernameandinvalidPassword status=FAILURE method=AKKU_01_Logi...)</span>
                <span class="method-start">118151 ms</span>
              </div> <!-- configuration-method after -->
              <div class="test-method">
                <span class="method-name">AK_05_LoginwithemptyUsernameandValidPassword(qa@demo.cloudnowtech.com, password1)</span>
                <span class="method-start">118589 ms</span>
              </div> <!-- test-method -->
              <div class="configuration-method after">
                <span class="method-name">tearDown([TestResult name=AK_05_LoginwithemptyUsernameandValidPassword status=SKIP method=AKKU_01_LoginANDlog...)</span>
                <span class="method-start">129434 ms</span>
              </div> <!-- configuration-method after -->
              <div class="test-method">
                <img src="failed.png">
                </img>
                <span class="method-name">AK_05_LoginwithemptyUsernameandValidPassword(qa@demo.cloudnowtech.com, password1)</span>
                <span class="method-start">129518 ms</span>
              </div> <!-- test-method -->
              <div class="configuration-method after">
                <span class="method-name">tearDown([TestResult name=AK_05_LoginwithemptyUsernameandValidPassword status=FAILURE method=AKKU_01_LoginAND...)</span>
                <span class="method-start">140182 ms</span>
              </div> <!-- configuration-method after -->
              <div class="configuration-test after">
                <span class="method-name">teardown</span>
                <span class="method-start">140518 ms</span>
=======
                <span class="method-name">AK_64_UpdatepasswordpolicyforparentOU(qa@demo.cloudnowtech.com, password1, ChildOU, DemoFN)</span>
                <span class="method-start">5446 ms</span>
              </div> <!-- test-method -->
              <div class="configuration-method after">
                <span class="method-name">tearDown([TestResult name=AK_64_UpdatepasswordpolicyforparentOU status=SUCCESS method=AKKU_15_PasswordPolicy....)</span>
                <span class="method-start">61713 ms</span>
              </div> <!-- configuration-method after -->
              <div class="configuration-test after">
                <span class="method-name">teardown</span>
                <span class="method-start">62333 ms</span>
>>>>>>> 90d437f53722b12c2e941d2a5f361968b3e3fe52
              </div> <!-- configuration-test after -->
          </div> <!-- main-panel-content rounded-window-bottom -->
        </div> <!-- panel -->
      </div> <!-- main-panel-root -->
    </div> <!-- wrapper -->
  </body>
</html>
