<?xml version="1.0" encoding="UTF-8"?>
<!-- Generated by org.testng.reporters.JUnitReportReporter -->
<testsuite skipped="0" hostname="css02-Latitude-E6440" name="com.app.akku.work.TestCases.HRBX_Site" tests="1" failures="1" timestamp="24 Oct 2017 13:41:35 GMT" time="54.390" errors="0">
  <testcase name="validLogin" time="54.390" classname="com.app.akku.work.TestCases.HRBX_Site">
    <failure type="com.applitools.eyes.exceptions.TestFailedException" message="&#039;Chrome Web UI&#039; of &#039;HRBX&#039;. See details at https://eyes.applitools.com/app/batches/00000251893448366971/00000251893448366721?accountId=CjNC7Dcbs0etP5YNreB0lw~~">
      <![CDATA[com.applitools.eyes.exceptions.TestFailedException: 'Chrome Web UI' of 'HRBX'. See details at https://eyes.applitools.com/app/batches/00000251893448366971/00000251893448366721?accountId=CjNC7Dcbs0etP5YNreB0lw~~
	at com.applitools.eyes.EyesBase.close(EyesBase.java:653)
	at com.applitools.eyes.EyesBase.close(EyesBase.java:594)
	at com.app.akku.work.TestCases.HRBX_Site.validLogin(HRBX_Site.java:100)
	at sun.reflect.NativeMethodAccessorImpl.invoke0(Native Method)
	at sun.reflect.NativeMethodAccessorImpl.invoke(NativeMethodAccessorImpl.java:62)
	at sun.reflect.DelegatingMethodAccessorImpl.invoke(DelegatingMethodAccessorImpl.java:43)
	at java.lang.reflect.Method.invoke(Method.java:498)
	at org.testng.internal.MethodInvocationHelper.invokeMethod(MethodInvocationHelper.java:108)
	at org.testng.internal.Invoker.invokeMethod(Invoker.java:669)
	at org.testng.internal.Invoker.invokeTestMethod(Invoker.java:877)
	at org.testng.internal.Invoker.invokeTestMethods(Invoker.java:1201)
	at org.testng.internal.TestMethodWorker.invokeTestMethods(TestMethodWorker.java:125)
	at org.testng.internal.TestMethodWorker.run(TestMethodWorker.java:109)
	at org.testng.TestRunner.privateRun(TestRunner.java:776)
	at org.testng.TestRunner.run(TestRunner.java:634)
	at org.testng.SuiteRunner.runTest(SuiteRunner.java:425)
	at org.testng.SuiteRunner.runSequentially(SuiteRunner.java:420)
	at org.testng.SuiteRunner.privateRun(SuiteRunner.java:385)
	at org.testng.SuiteRunner.run(SuiteRunner.java:334)
	at org.testng.SuiteRunnerWorker.runSuite(SuiteRunnerWorker.java:52)
	at org.testng.SuiteRunnerWorker.run(SuiteRunnerWorker.java:86)
	at org.testng.TestNG.runSuitesSequentially(TestNG.java:1318)
	at org.testng.TestNG.runSuitesLocally(TestNG.java:1243)
	at org.testng.TestNG.runSuites(TestNG.java:1161)
	at org.testng.TestNG.run(TestNG.java:1129)
	at org.testng.remote.AbstractRemoteTestNG.run(AbstractRemoteTestNG.java:114)
	at org.testng.remote.RemoteTestNG.initAndRun(RemoteTestNG.java:251)
	at org.testng.remote.RemoteTestNG.main(RemoteTestNG.java:77)
]]>
    </failure>
  </testcase> <!-- validLogin -->
</testsuite> <!-- com.app.akku.work.TestCases.HRBX_Site -->
